# //  Questa Sim-64
# //  Version 10.7c linux_x86_64 Aug 17 2018
# //
# //  Copyright 1991-2018 Mentor Graphics Corporation
# //  All Rights Reserved.
# //
# //  QuestaSim and its associated documentation contain trade
# //  secrets and commercial or financial information that are the property of
# //  Mentor Graphics Corporation and are privileged, confidential,
# //  and exempt from disclosure under the Freedom of Information Act,
# //  5 U.S.C. Section 552. Furthermore, this information
# //  is prohibited from disclosure under the Trade Secrets Act,
# //  18 U.S.C. Section 1905.
# //
# vsim top 
# Start time: 16:59:55 on Apr 07,2022
# ** Note: (vsim-3813) Design is being optimized due to module recompilation...
# ** Warning: ../tb/monitor.sv(49): (vopt-2240) Treating stand-alone use of function 'begin_tr' as an implicit VOID cast.
# ** Warning: ../tb/monitor_out.sv(48): (vopt-2240) Treating stand-alone use of function 'begin_tr' as an implicit VOID cast.
# Loading sv_std.std
# Loading mtiUvm.uvm_pkg
# Loading work.top_sv_unit(fast)
# Loading work.top(fast)
# Loading work.DUT(fast)
# Loading mtiUvm.questa_uvm_pkg(fast)
# Loading work.dut_if(fast)
# Loading std.standard
# Loading std.textio(body)
# Loading ieee.std_logic_1164(body)
# Loading ieee.std_logic_arith(body)
# Loading ieee.std_logic_unsigned(body)
# Loading work.fpmul(single_cycle)#1
# Loading work.fpnormalize(fpnormalize)#1
# Loading work.fpround(fpround)#1
# Loading work.packfp(packfp)#1
# Loading work.unpackfp(unpackfp)#1
# ** Warning: (vsim-3839) Variable '/top/out/data', driven via a port connection, is multiply driven. See ../src/DUT.sv(3).
#    Time: 0 ns  Iteration: 0  Instance: /top/sum File: ../src/DUT.sv Line: 9
# ** Warning: (vsim-3764) Stand-alone call to function 'begin_tr' treated as implicit void cast.
#    Time: 0 ns  Iteration: 0  Region: /top_sv_unit::driver File: ../tb/driver.sv Line: 67
# Loading /software/mentor/questa10.7c/questasim/uvm-1.1d/linux_x86_64/uvm_dpi.so
run 4us
# ----------------------------------------------------------------
# UVM-1.1d
# (C) 2007-2013 Mentor Graphics Corporation
# (C) 2007-2013 Cadence Design Systems, Inc.
# (C) 2006-2013 Synopsys, Inc.
# (C) 2011-2013 Cypress Semiconductor Corp.
# ----------------------------------------------------------------
# 
#   ***********       IMPORTANT RELEASE NOTES         ************
# 
#   You are using a version of the UVM library that has been compiled
#   with `UVM_NO_DEPRECATED undefined.
#   See http://www.eda.org/svdb/view.php?id=3313 for more details.
# 
#   You are using a version of the UVM library that has been compiled
#   with `UVM_OBJECT_MUST_HAVE_CONSTRUCTOR undefined.
#   See http://www.eda.org/svdb/view.php?id=3770 for more details.
# 
#       (Specify +UVM_NO_RELNOTES to turn off this notice)
# 
# UVM_INFO verilog_src/questa_uvm_pkg-1.2/src/questa_uvm_pkg.sv(215) @ 0: reporter [Questa UVM] QUESTA_UVM-1.2.3
# UVM_INFO verilog_src/questa_uvm_pkg-1.2/src/questa_uvm_pkg.sv(216) @ 0: reporter [Questa UVM]  questa_uvm::init(+struct)
# ** Warning: There is an 'U'|'X'|'W'|'Z'|'-' in an arithmetic operand, the result will be 'X'(es).
#    Time: 0 ns  Iteration: 0  Instance: /top/sum/FPmul_under_test/I11
# ** Warning: There is an 'U'|'X'|'W'|'Z'|'-' in an arithmetic operand, the result will be 'X'(es).
#    Time: 0 ns  Iteration: 0  Instance: /top/sum/FPmul_under_test/I11
# ** Warning: There is an 'U'|'X'|'W'|'Z'|'-' in an arithmetic operand, the result will be 'X'(es).
#    Time: 0 ns  Iteration: 0  Instance: /top/sum/FPmul_under_test
# ** Warning: There is an 'U'|'X'|'W'|'Z'|'-' in an arithmetic operand, the result will be 'X'(es).
#    Time: 0 ns  Iteration: 0  Instance: /top/sum/FPmul_under_test
# ** Warning: There is an 'U'|'X'|'W'|'Z'|'-' in an arithmetic operand, the result will be 'X'(es).
#    Time: 0 ns  Iteration: 0  Instance: /top/sum/FPmul_under_test
# ** Warning: There is an 'U'|'X'|'W'|'Z'|'-' in an arithmetic operand, the result will be 'X'(es).
#    Time: 0 ns  Iteration: 0  Instance: /top/sum/FPmul_under_test
# ** Warning: There is an 'U'|'X'|'W'|'Z'|'-' in an arithmetic operand, the result will be 'X'(es).
#    Time: 0 ns  Iteration: 0  Instance: /top/sum/FPmul_under_test
# ** Warning: There is an 'U'|'X'|'W'|'Z'|'-' in an arithmetic operand, the result will be 'X'(es).
#    Time: 0 ns  Iteration: 0  Instance: /top/sum/FPmul_under_test
# ** Warning: There is an 'U'|'X'|'W'|'Z'|'-' in an arithmetic operand, the result will be 'X'(es).
#    Time: 0 ns  Iteration: 0  Instance: /top/sum/FPmul_under_test
# UVM_INFO @ 0: reporter [RNTST] Running test simple_test...
# ** Warning: There is an 'U'|'X'|'W'|'Z'|'-' in an arithmetic operand, the result will be 'X'(es).
#    Time: 0 ns  Iteration: 1  Instance: /top/sum/FPmul_under_test
# ** Warning: There is an 'U'|'X'|'W'|'Z'|'-' in an arithmetic operand, the result will be 'X'(es).
#    Time: 0 ns  Iteration: 1  Instance: /top/sum/FPmul_under_test
# ** Warning: There is an 'U'|'X'|'W'|'Z'|'-' in an arithmetic operand, the result will be 'X'(es).
#    Time: 0 ns  Iteration: 1  Instance: /top/sum/FPmul_under_test
# ** Warning: There is an 'U'|'X'|'W'|'Z'|'-' in an arithmetic operand, the result will be 'X'(es).
#    Time: 0 ns  Iteration: 1  Instance: /top/sum/FPmul_under_test
# ** Warning: There is an 'U'|'X'|'W'|'Z'|'-' in an arithmetic operand, the result will be 'X'(es).
#    Time: 0 ns  Iteration: 1  Instance: /top/sum/FPmul_under_test
# ** Warning: There is an 'U'|'X'|'W'|'Z'|'-' in an arithmetic operand, the result will be 'X'(es).
#    Time: 0 ns  Iteration: 1  Instance: /top/sum/FPmul_under_test
# ** Warning: There is an 'U'|'X'|'W'|'Z'|'-' in an arithmetic operand, the result will be 'X'(es).
#    Time: 0 ns  Iteration: 2  Instance: /top/sum/FPmul_under_test
# ** Warning: There is an 'U'|'X'|'W'|'Z'|'-' in an arithmetic operand, the result will be 'X'(es).
#    Time: 0 ns  Iteration: 2  Instance: /top/sum/FPmul_under_test
# ** Warning: There is an 'U'|'X'|'W'|'Z'|'-' in an arithmetic operand, the result will be 'X'(es).
#    Time: 0 ns  Iteration: 2  Instance: /top/sum/FPmul_under_test
# ** Warning: There is an 'U'|'X'|'W'|'Z'|'-' in an arithmetic operand, the result will be 'X'(es).
#    Time: 0 ns  Iteration: 2  Instance: /top/sum/FPmul_under_test
# ** Warning: There is an 'U'|'X'|'W'|'Z'|'-' in an arithmetic operand, the result will be 'X'(es).
#    Time: 0 ns  Iteration: 2  Instance: /top/sum/FPmul_under_test
# ** Warning: There is an 'U'|'X'|'W'|'Z'|'-' in an arithmetic operand, the result will be 'X'(es).
#    Time: 0 ns  Iteration: 2  Instance: /top/sum/FPmul_under_test
# ** Warning: There is an 'U'|'X'|'W'|'Z'|'-' in an arithmetic operand, the result will be 'X'(es).
#    Time: 0 ns  Iteration: 3  Instance: /top/sum/FPmul_under_test/I11
# ** Warning: There is an 'U'|'X'|'W'|'Z'|'-' in an arithmetic operand, the result will be 'X'(es).
#    Time: 0 ns  Iteration: 3  Instance: /top/sum/FPmul_under_test/I11
# fpmul: input A = 80385002625696054035873883133837312.000000, input B = -0.000000, output OUT = -3957172.000000
# fpmul: input A = 01111001011101111011010010010110, input B = 10010000011110011001110101000011, output OUT = 11001010011100011000011011010000
# refmod: input A = 80385002625696054035873883133837312.000000, input B = -0.000000, output OUT = -3957172.000000
# refmod: input A = 01111001011101111011010010010110, input B = 10010000011110011001110101000011, output OUT = 11001010011100011000011011010000
# UVM_INFO @ 45: uvm_test_top.env_h.comp [Comparator Match] 
# fpmul: input A = -0.000000, input B = 72749225343502105182208.000000, output OUT = -0.001996
# fpmul: input A = 10010101000001111101001111110010, input B = 01100101011101100111101111100101, output OUT = 10111011000000101100011101100111
# refmod: input A = -0.000000, input B = 72749225343502105182208.000000, output OUT = -0.001996
# refmod: input A = 10010101000001111101001111110010, input B = 01100101011101100111101111100101, output OUT = 10111011000000101100011101100111
# UVM_INFO @ 75: uvm_test_top.env_h.comp [Comparator Match] 
# fpmul: input A = 0.000000, input B = 7070855374378631168.000000, output OUT = 0.000000
# fpmul: input A = 00000000010101001111011111110000, input B = 01011110110001000100000101110011, output OUT = 00011111000000100100011100011010
# refmod: input A = 0.000000, input B = 7070855374378631168.000000, output OUT = 0.000000
# refmod: input A = 00000000010101001111011111110000, input B = 01011110110001000100000101110011, output OUT = 00011111100000100100011100011010
# UVM_INFO @ 105: reporter [MISCMP] Miscompare for exp.data: lhs = 'h1f82471a : rhs = 'h1f02471a
# UVM_INFO @ 105: reporter [MISCMP] 1 Miscompare(s) for object tr@825 vs. exp@617
# UVM_WARNING @ 105: uvm_test_top.env_h.comp [Comparator Mismatch] 
# fpmul: input A = -999081311145963350371018458104070144.000000, input B = 5681.283691, output OUT = -inf
# fpmul: input A = 11111011010000000110101010000011, input B = 01000101101100011000101001000101, output OUT = 11111111100000000000000000000000
# refmod: input A = -999081311145963350371018458104070144.000000, input B = 5681.283691, output OUT = -inf
# refmod: input A = 11111011010000000110101010000011, input B = 01000101101100011000101001000101, output OUT = 11111111100000000000000000000000
# UVM_INFO @ 135: uvm_test_top.env_h.comp [Comparator Match] 
# fpmul: input A = 2083.543457, input B = 0.930876, output OUT = 1939.521240
# fpmul: input A = 01000101000000100011100010110010, input B = 00111111011011100100110111101001, output OUT = 01000100111100100111000010101110
# refmod: input A = 2083.543457, input B = 0.930876, output OUT = 1939.521240
# refmod: input A = 01000101000000100011100010110010, input B = 00111111011011100100110111101001, output OUT = 01000100111100100111000010101110
# UVM_INFO @ 165: uvm_test_top.env_h.comp [Comparator Match] 
# fpmul: input A = -0.000000, input B = -149196750848.000000, output OUT = 0.000000
# fpmul: input A = 10000010111011000110100000000100, input B = 11010010000010101111001101000111, output OUT = 00010101100000000101000010111010
# refmod: input A = -0.000000, input B = -149196750848.000000, output OUT = 0.000000
# refmod: input A = 10000010111011000110100000000100, input B = 11010010000010101111001101000111, output OUT = 00010101100000000101000010111010
# UVM_INFO @ 195: uvm_test_top.env_h.comp [Comparator Match] 
# fpmul: input A = 75673487016098568115466509477740544.000000, input B = 0.000000, output OUT = 548715660266262696558592.000000
# fpmul: input A = 01111001011010010010111111011011, input B = 00101100111111110010000000001111, output OUT = 01100110111010000110001111011111
# refmod: input A = 75673487016098568115466509477740544.000000, input B = 0.000000, output OUT = 548715660266262696558592.000000
# refmod: input A = 01111001011010010010111111011011, input B = 00101100111111110010000000001111, output OUT = 01100110111010000110001111011111
# UVM_INFO @ 225: uvm_test_top.env_h.comp [Comparator Match] 
# fpmul: input A = -0.000000, input B = 171950153947180469059584.000000, output OUT = -49939734528.000000
# fpmul: input A = 10101010101000110111111110010110, input B = 01100110000100011010010110111111, output OUT = 11010001001110100000101000111110
# refmod: input A = -0.000000, input B = 171950153947180469059584.000000, output OUT = -49939734528.000000
# refmod: input A = 10101010101000110111111110010110, input B = 01100110000100011010010110111111, output OUT = 11010001001110100000101000111110
# UVM_INFO @ 255: uvm_test_top.env_h.comp [Comparator Match] 
# fpmul: input A = 62.680347, input B = -0.000301, output OUT = -0.018894
# fpmul: input A = 01000010011110101011100010101101, input B = 10111001100111100000100110010011, output OUT = 10111100100110101100011101011011
# refmod: input A = 62.680347, input B = -0.000301, output OUT = -0.018894
# refmod: input A = 01000010011110101011100010101101, input B = 10111001100111100000100110010011, output OUT = 10111100100110101100011101011011
# UVM_INFO @ 285: uvm_test_top.env_h.comp [Comparator Match] 
# fpmul: input A = 0.000000, input B = 8909786824878629177345201956999659520.000000, output OUT = 12109746190417920000.000000
# fpmul: input A = 00100001110010001001001101000111, input B = 01111100110101100111111011001101, output OUT = 01011111001010000000111001110110
# refmod: input A = 0.000000, input B = 8909786824878629177345201956999659520.000000, output OUT = 12109746190417920000.000000
# refmod: input A = 00100001110010001001001101000111, input B = 01111100110101100111111011001101, output OUT = 01011111001010000000111001110110
# UVM_INFO @ 315: uvm_test_top.env_h.comp [Comparator Match] 
# fpmul: input A = 0.000000, input B = -23403205346684769447406731264.000000, output OUT = -0.000000
# fpmul: input A = 00000010011010100000110011010011, input B = 11101110100101110011110101011011, output OUT = 10110001100010100100010110101001
# refmod: input A = 0.000000, input B = -23403205346684769447406731264.000000, output OUT = -0.000000
# refmod: input A = 00000010011010100000110011010011, input B = 11101110100101110011110101011011, output OUT = 10110001100010100100010110101001
# UVM_INFO @ 345: uvm_test_top.env_h.comp [Comparator Match] 
# fpmul: input A = -0.001041, input B = -0.000000, output OUT = 0.000000
# fpmul: input A = 10111010100010000110001000010101, input B = 10101101100001111000110111000010, output OUT = 00101000100100000110111001111101
# refmod: input A = -0.001041, input B = -0.000000, output OUT = 0.000000
# refmod: input A = 10111010100010000110001000010101, input B = 10101101100001111000110111000010, output OUT = 00101000100100000110111001111101
# UVM_INFO @ 375: uvm_test_top.env_h.comp [Comparator Match] 
# fpmul: input A = 0.000000, input B = -0.000000, output OUT = -0.000000
# fpmul: input A = 00101001100000101101101101101111, input B = 10011110101100110110001101110010, output OUT = 10001000101101110110010010000111
# refmod: input A = 0.000000, input B = -0.000000, output OUT = -0.000000
# refmod: input A = 00101001100000101101101101101111, input B = 10011110101100110110001101110010, output OUT = 10001000101101110110010010000111
# UVM_INFO @ 405: uvm_test_top.env_h.comp [Comparator Match] 
# fpmul: input A = -84021829632.000000, input B = 15172346626046492036317753980747776.000000, output OUT = -inf
# fpmul: input A = 11010001100111001000000010111011, input B = 01111000001110110000001101111100, output OUT = 11111111100000000000000000000000
# refmod: input A = -84021829632.000000, input B = 15172346626046492036317753980747776.000000, output OUT = -inf
# refmod: input A = 11010001100111001000000010111011, input B = 01111000001110110000001101111100, output OUT = 11111111100000000000000000000000
# UVM_INFO @ 435: uvm_test_top.env_h.comp [Comparator Match] 
# fpmul: input A = 643583130360024344756442405797888.000000, input B = 0.000000, output OUT = 147676067207627411554304.000000
# fpmul: input A = 01110101111111011101100101001010, input B = 00101111011111000100101100000110, output OUT = 01100101111110100010110001001001
# refmod: input A = 643583130360024344756442405797888.000000, input B = 0.000000, output OUT = 147676067207627411554304.000000
# refmod: input A = 01110101111111011101100101001010, input B = 00101111011111000100101100000110, output OUT = 01100101111110100010110001001001
# UVM_INFO @ 465: uvm_test_top.env_h.comp [Comparator Match] 
# fpmul: input A = 0.000002, input B = -0.337563, output OUT = -0.000001
# fpmul: input A = 00110101111001100011000111011010, input B = 10111110101011001101010100001000, output OUT = 10110101000110110110100100001101
# refmod: input A = 0.000002, input B = -0.337563, output OUT = -0.000001
# refmod: input A = 00110101111001100011000111011010, input B = 10111110101011001101010100001000, output OUT = 10110101000110110110100100001101
# UVM_INFO @ 495: uvm_test_top.env_h.comp [Comparator Match] 
# fpmul: input A = -5074665625872236544.000000, input B = 0.000000, output OUT = -13.148355
# fpmul: input A = 11011110100011001101100110101011, input B = 00100010001111110010111000111001, output OUT = 11000001010100100101111110101010
# refmod: input A = -5074665625872236544.000000, input B = 0.000000, output OUT = -13.148355
# refmod: input A = 11011110100011001101100110101011, input B = 00100010001111110010111000111001, output OUT = 11000001010100100101111110101010
# UVM_INFO @ 525: uvm_test_top.env_h.comp [Comparator Match] 
# fpmul: input A = 0.000000, input B = -0.002134, output OUT = -0.000000
# fpmul: input A = 00001111011111001010010100110110, input B = 10111011000010111101001110001100, output OUT = 10001011000010011111111001111011
# refmod: input A = 0.000000, input B = -0.002134, output OUT = -0.000000
# refmod: input A = 00001111011111001010010100110110, input B = 10111011000010111101001110001100, output OUT = 10001011000010011111111001111011
# UVM_INFO @ 555: uvm_test_top.env_h.comp [Comparator Match] 
# fpmul: input A = -0.000032, input B = 0.000000, output OUT = -0.000000
# fpmul: input A = 10111000000001000100110011100000, input B = 00101001010100101010111001010111, output OUT = 10100001110110011100001001010010
# refmod: input A = -0.000032, input B = 0.000000, output OUT = -0.000000
# refmod: input A = 10111000000001000100110011100000, input B = 00101001010100101010111001010111, output OUT = 10100001110110011100001001010010
# UVM_INFO @ 585: uvm_test_top.env_h.comp [Comparator Match] 
# fpmul: input A = -4978253002437257701514544328736768.000000, input B = 49.488869, output OUT = -246368112031803298407812650210689024.000000
# fpmul: input A = 11110111011101010111001001100011, input B = 01000010010001011111010010011010, output OUT = 11111010001111011100101110001011
# refmod: input A = -4978253002437257701514544328736768.000000, input B = 49.488869, output OUT = -246368112031803298407812650210689024.000000
# refmod: input A = 11110111011101010111001001100011, input B = 01000010010001011111010010011010, output OUT = 11111010001111011100101110001011
# UVM_INFO @ 615: uvm_test_top.env_h.comp [Comparator Match] 
# fpmul: input A = -0.000000, input B = -112666462912512.000000, output OUT = 0.000005
# fpmul: input A = 10011111010000101010010011010000, input B = 11010110110011001111000001101001, output OUT = 00110110100110111101001000100000
# refmod: input A = -0.000000, input B = -112666462912512.000000, output OUT = 0.000005
# refmod: input A = 10011111010000101010010011010000, input B = 11010110110011001111000001101001, output OUT = 00110110100110111101001000100000
# UVM_INFO @ 645: uvm_test_top.env_h.comp [Comparator Match] 
# fpmul: input A = -0.000000, input B = -7145835070100955201536.000000, output OUT = 0.000001
# fpmul: input A = 10010001001001000110110001101000, input B = 11100011110000011011000000110001, output OUT = 00110101011110001100110111001001
# refmod: input A = -0.000000, input B = -7145835070100955201536.000000, output OUT = 0.000001
# refmod: input A = 10010001001001000110110001101000, input B = 11100011110000011011000000110001, output OUT = 00110101011110001100110111001001
# UVM_INFO @ 675: uvm_test_top.env_h.comp [Comparator Match] 
# fpmul: input A = 0.000000, input B = -1133120468421705728.000000, output OUT = -0.000000
# fpmul: input A = 00001111101001000010000010110100, input B = 11011101011110111001101001110001, output OUT = 10101101101000010100111100010101
# refmod: input A = 0.000000, input B = -1133120468421705728.000000, output OUT = -0.000000
# refmod: input A = 00001111101001000010000010110100, input B = 11011101011110111001101001110001, output OUT = 10101101101000010100111100010101
# UVM_INFO @ 705: uvm_test_top.env_h.comp [Comparator Match] 
# fpmul: input A = -20965122646212608.000000, input B = 13882208256.000000, output OUT = -291042194904123217243275264.000000
# fpmul: input A = 11011010100101001111011101010110, input B = 01010000010011101101110001101100, output OUT = 11101011011100001011111010010101
# refmod: input A = -20965122646212608.000000, input B = 13882208256.000000, output OUT = -291042194904123217243275264.000000
# refmod: input A = 11011010100101001111011101010110, input B = 01010000010011101101110001101100, output OUT = 11101011011100001011111010010101
# UVM_INFO @ 735: uvm_test_top.env_h.comp [Comparator Match] 
# fpmul: input A = -0.000000, input B = 254.581406, output OUT = -0.000000
# fpmul: input A = 10100001110101110001100111111000, input B = 01000011011111101001010011010111, output OUT = 10100101110101011110100011010100
# refmod: input A = -0.000000, input B = 254.581406, output OUT = -0.000000
# refmod: input A = 10100001110101110001100111111000, input B = 01000011011111101001010011010111, output OUT = 10100101110101011110100011010100
# UVM_INFO @ 765: uvm_test_top.env_h.comp [Comparator Match] 
# fpmul: input A = 766219.812500, input B = 0.000000, output OUT = 0.000000
# fpmul: input A = 01001001001110110001000010111101, input B = 00100011010011011011011000001001, output OUT = 00101101000101100101000101101100
# refmod: input A = 766219.812500, input B = 0.000000, output OUT = 0.000000
# refmod: input A = 01001001001110110001000010111101, input B = 00100011010011011011011000001001, output OUT = 00101101000101100101000101101100
# UVM_INFO @ 795: uvm_test_top.env_h.comp [Comparator Match] 
# fpmul: input A = 374119414150201344.000000, input B = 82.993156, output OUT = 31049350749324574720.000000
# fpmul: input A = 01011100101001100010010001110100, input B = 01000010101001011111110001111111, output OUT = 01011111110101110111001010111010
# refmod: input A = 374119414150201344.000000, input B = 82.993156, output OUT = 31049350749324574720.000000
# refmod: input A = 01011100101001100010010001110100, input B = 01000010101001011111110001111111, output OUT = 01011111110101110111001010111010
# UVM_INFO @ 825: uvm_test_top.env_h.comp [Comparator Match] 
# fpmul: input A = -545784.875000, input B = -5266215665470211716173082394624.000000, output OUT = 2874220898758778329892265728092930048.000000
# fpmul: input A = 11001001000001010011111110001110, input B = 11110010100001001111000000011111, output OUT = 01111100000010100110001110000010
# refmod: input A = -545784.875000, input B = -5266215665470211716173082394624.000000, output OUT = 2874220898758778329892265728092930048.000000
# refmod: input A = 11001001000001010011111110001110, input B = 11110010100001001111000000011111, output OUT = 01111100000010100110001110000010
# UVM_INFO @ 855: uvm_test_top.env_h.comp [Comparator Match] 
# fpmul: input A = 7136419677173674398241425195008.000000, input B = 0.000000, output OUT = 26174683136.000000
# fpmul: input A = 01110010101101000010011000001000, input B = 00011101100010101001000001101001, output OUT = 01010000110000110000010000111111
# refmod: input A = 7136419677173674398241425195008.000000, input B = 0.000000, output OUT = 26174683136.000000
# refmod: input A = 01110010101101000010011000001000, input B = 00011101100010101001000001101001, output OUT = 01010000110000110000010000111111
# UVM_INFO @ 885: uvm_test_top.env_h.comp [Comparator Match] 
# fpmul: input A = -15610259160745115648.000000, input B = 0.000000, output OUT = -25.783573
# fpmul: input A = 11011111010110001010001011001000, input B = 00100001111100111011111110111001, output OUT = 11000001110011100100010011000010
# refmod: input A = -15610259160745115648.000000, input B = 0.000000, output OUT = -25.783573
# refmod: input A = 11011111010110001010001011001000, input B = 00100001111100111011111110111001, output OUT = 11000001110011100100010011000010
# UVM_INFO @ 915: uvm_test_top.env_h.comp [Comparator Match] 
# fpmul: input A = -1814875715762452496567106780237135872.000000, input B = 2156014442060565184512.000000, output OUT = -inf
# fpmul: input A = 11111011101011101100010000100100, input B = 01100010111010011100000101101100, output OUT = 11111111100000000000000000000000
# refmod: input A = -1814875715762452496567106780237135872.000000, input B = 2156014442060565184512.000000, output OUT = -inf
# refmod: input A = 11111011101011101100010000100100, input B = 01100010111010011100000101101100, output OUT = 11111111100000000000000000000000
# UVM_INFO @ 945: uvm_test_top.env_h.comp [Comparator Match] 
# fpmul: input A = 11007312896.000000, input B = 0.000000, output OUT = 0.000000
# fpmul: input A = 01010000001001000000010110010001, input B = 00000101011010011011010101110000, output OUT = 00010110000101011011110101010001
# refmod: input A = 11007312896.000000, input B = 0.000000, output OUT = 0.000000
# refmod: input A = 01010000001001000000010110010001, input B = 00000101011010011011010101110000, output OUT = 00010110000101011011110101010001
# UVM_INFO @ 975: uvm_test_top.env_h.comp [Comparator Match] 
# fpmul: input A = 0.006530, input B = -0.000000, output OUT = -0.000000
# fpmul: input A = 00111011110101011111101101000110, input B = 10010000011100101011100101010100, output OUT = 10001100110010101110001001110001
# refmod: input A = 0.006530, input B = -0.000000, output OUT = -0.000000
# refmod: input A = 00111011110101011111101101000110, input B = 10010000011100101011100101010100, output OUT = 10001100110010101110001001110001
# UVM_INFO @ 1005: uvm_test_top.env_h.comp [Comparator Match] 
# fpmul: input A = -0.000000, input B = -0.000000, output OUT = 0.000000
# fpmul: input A = 10110000110100100001100001111100, input B = 10101110011000001111010011101011, output OUT = 00011111101110001001111001101101
# refmod: input A = -0.000000, input B = -0.000000, output OUT = 0.000000
# refmod: input A = 10110000110100100001100001111100, input B = 10101110011000001111010011101011, output OUT = 00011111101110001001111001101101
# UVM_INFO @ 1035: uvm_test_top.env_h.comp [Comparator Match] 
# fpmul: input A = 0.000000, input B = 7932760031232.000000, output OUT = 0.000000
# fpmul: input A = 00001100110010110100001011001010, input B = 01010100111001101101111110101011, output OUT = 00100010001101110100111110011000
# refmod: input A = 0.000000, input B = 7932760031232.000000, output OUT = 0.000000
# refmod: input A = 00001100110010110100001011001010, input B = 01010100111001101101111110101011, output OUT = 00100010001101110100111110011000
# UVM_INFO @ 1065: uvm_test_top.env_h.comp [Comparator Match] 
# fpmul: input A = 1096997617403226150938869760.000000, input B = 6210721220529585241458737152.000000, output OUT = inf
# fpmul: input A = 01101100011000101101101010010010, input B = 01101101101000001000101100011011, output OUT = 01111111100000000000000000000000
# refmod: input A = 1096997617403226150938869760.000000, input B = 6210721220529585241458737152.000000, output OUT = inf
# refmod: input A = 01101100011000101101101010010010, input B = 01101101101000001000101100011011, output OUT = 01111111100000000000000000000000
# UVM_INFO @ 1095: uvm_test_top.env_h.comp [Comparator Match] 
# fpmul: input A = -3960456452505600.000000, input B = 21311142964260124722462720.000000, output OUT = -inf
# fpmul: input A = 11011001011000010010000000111010, input B = 01101001100011010000011001111011, output OUT = 11111111100000000000000000000000
# refmod: input A = -3960456452505600.000000, input B = 21311142964260124722462720.000000, output OUT = -inf
# refmod: input A = 11011001011000010010000000111010, input B = 01101001100011010000011001111011, output OUT = 11111111100000000000000000000000
# UVM_INFO @ 1125: uvm_test_top.env_h.comp [Comparator Match] 
# fpmul: input A = -1.517108, input B = 0.000000, output OUT = -0.000000
# fpmul: input A = 10111111110000100011000010010110, input B = 00100000110111001110100100100000, output OUT = 10100001001001111001001010010111
# refmod: input A = -1.517108, input B = 0.000000, output OUT = -0.000000
# refmod: input A = 10111111110000100011000010010110, input B = 00100000110111001110100100100000, output OUT = 10100001001001111001001010010111
# UVM_INFO @ 1155: uvm_test_top.env_h.comp [Comparator Match] 
# fpmul: input A = -0.000000, input B = -0.000000, output OUT = 0.000000
# fpmul: input A = 10110010010000010111010111101001, input B = 10010100011011011100111100001000, output OUT = 00000111001100111011011010011101
# refmod: input A = -0.000000, input B = -0.000000, output OUT = 0.000000
# refmod: input A = 10110010010000010111010111101001, input B = 10010100011011011100111100001000, output OUT = 00000111001100111011011010011101
# UVM_INFO @ 1185: uvm_test_top.env_h.comp [Comparator Match] 
# fpmul: input A = 8253414896609389445120.000000, input B = -0.000000, output OUT = -39330.281250
# fpmul: input A = 01100011110111111011010110010010, input B = 10100010101011111100111101001111, output OUT = 11000111000110011010001001001000
# refmod: input A = 8253414896609389445120.000000, input B = -0.000000, output OUT = -39330.281250
# refmod: input A = 01100011110111111011010110010010, input B = 10100010101011111100111101001111, output OUT = 11000111000110011010001001001000
# UVM_INFO @ 1215: uvm_test_top.env_h.comp [Comparator Match] 
# fpmul: input A = 16520366.000000, input B = -24484500507682829507430886332694528.000000, output OUT = -inf
# fpmul: input A = 01001011011111000001010010101110, input B = 11111000100101101110010110111011, output OUT = 11111111100000000000000000000000
# refmod: input A = 16520366.000000, input B = -24484500507682829507430886332694528.000000, output OUT = -inf
# refmod: input A = 01001011011111000001010010101110, input B = 11111000100101101110010110111011, output OUT = 11111111100000000000000000000000
# UVM_INFO @ 1245: uvm_test_top.env_h.comp [Comparator Match] 
# fpmul: input A = 0.000008, input B = 0.000000, output OUT = 0.000000
# fpmul: input A = 00110110111111110010101100000000, input B = 00001110111110110010101111010010, output OUT = 00000110011110100101101011010111
# refmod: input A = 0.000008, input B = 0.000000, output OUT = 0.000000
# refmod: input A = 00110110111111110010101100000000, input B = 00001110111110110010101111010010, output OUT = 00000110011110100101101011010111
# UVM_INFO @ 1275: uvm_test_top.env_h.comp [Comparator Match] 
# fpmul: input A = -289280659972292471030808576.000000, input B = 0.000000, output OUT = -96983908352.000000
# fpmul: input A = 11101011011011110100100110010000, input B = 00100101110000010100001101111010, output OUT = 11010001101101001010010110001000
# refmod: input A = -289280659972292471030808576.000000, input B = 0.000000, output OUT = -96983908352.000000
# refmod: input A = 11101011011011110100100110010000, input B = 00100101110000010100001101111010, output OUT = 11010001101101001010010110001000
# UVM_INFO @ 1305: uvm_test_top.env_h.comp [Comparator Match] 
# fpmul: input A = 0.000000, input B = -0.000000, output OUT = -0.000000
# fpmul: input A = 00101011100111010100101100000110, input B = 10010100100111101000111110001111, output OUT = 10000000110000101101100100000101
# refmod: input A = 0.000000, input B = -0.000000, output OUT = -0.000000
# refmod: input A = 00101011100111010100101100000110, input B = 10010100100111101000111110001111, output OUT = 10000000110000101101100100000101
# UVM_INFO @ 1335: uvm_test_top.env_h.comp [Comparator Match] 
# fpmul: input A = 0.000000, input B = 4.270851, output OUT = 0.000000
# fpmul: input A = 00110011000111111000101011010000, input B = 01000000100010001010101011001111, output OUT = 00110100001010100101100001100011
# refmod: input A = 0.000000, input B = 4.270851, output OUT = 0.000000
# refmod: input A = 00110011000111111000101011010000, input B = 01000000100010001010101011001111, output OUT = 00110100001010100101100001100011
# UVM_INFO @ 1365: uvm_test_top.env_h.comp [Comparator Match] 
# fpmul: input A = 0.000000, input B = 8008676580987103952600377065472.000000, output OUT = 2524484066082816.000000
# fpmul: input A = 00100101101101011011011000001111, input B = 01110010110010100010101011011100, output OUT = 01011001000011111000000000010100
# refmod: input A = 0.000000, input B = 8008676580987103952600377065472.000000, output OUT = 2524484066082816.000000
# refmod: input A = 00100101101101011011011000001111, input B = 01110010110010100010101011011100, output OUT = 01011001000011111000000000010100
# UVM_INFO @ 1395: uvm_test_top.env_h.comp [Comparator Match] 
# fpmul: input A = 0.000015, input B = 1902933.125000, output OUT = 29.343700
# fpmul: input A = 00110111100000010101101010111011, input B = 01001001111010000100101010101001, output OUT = 01000001111010101011111111100110
# refmod: input A = 0.000015, input B = 1902933.125000, output OUT = 29.343700
# refmod: input A = 00110111100000010101101010111011, input B = 01001001111010000100101010101001, output OUT = 01000001111010101011111111100110
# UVM_INFO @ 1425: uvm_test_top.env_h.comp [Comparator Match] 
# fpmul: input A = -0.000000, input B = 3985689610872562909184.000000, output OUT = -399568535552.000000
# fpmul: input A = 10101110110111000111010000101110, input B = 01100011010110000001000010001110, output OUT = 11010010101110100001000001001000
# refmod: input A = -0.000000, input B = 3985689610872562909184.000000, output OUT = -399568535552.000000
# refmod: input A = 10101110110111000111010000101110, input B = 01100011010110000001000010001110, output OUT = 11010010101110100001000001001000
# UVM_INFO @ 1455: uvm_test_top.env_h.comp [Comparator Match] 
# fpmul: input A = -226949.828125, input B = -3598354219008.000000, output OUT = 816645837575684096.000000
# fpmul: input A = 11001000010111011010000101110101, input B = 11010100010100010111001110101000, output OUT = 01011101001101010101010011110001
# refmod: input A = -226949.828125, input B = -3598354219008.000000, output OUT = 816645837575684096.000000
# refmod: input A = 11001000010111011010000101110101, input B = 11010100010100010111001110101000, output OUT = 01011101001101010101010011110001
# UVM_INFO @ 1485: uvm_test_top.env_h.comp [Comparator Match] 
# fpmul: input A = 10598241122869644041043908214390784.000000, input B = 0.000000, output OUT = 0.902618
# fpmul: input A = 01111000000000101010001000100111, input B = 00000110111000100110100101111110, output OUT = 00111111011001110001000111110110
# refmod: input A = 10598241122869644041043908214390784.000000, input B = 0.000000, output OUT = 0.902618
# refmod: input A = 01111000000000101010001000100111, input B = 00000110111000100110100101111110, output OUT = 00111111011001110001000111110110
# UVM_INFO @ 1515: uvm_test_top.env_h.comp [Comparator Match] 
# fpmul: input A = 63749952459289657344.000000, input B = 0.000000, output OUT = 1714.747192
# fpmul: input A = 01100000010111010010110101010101, input B = 00100011111110000001011100100101, output OUT = 01000100110101100101011111101001
# refmod: input A = 63749952459289657344.000000, input B = 0.000000, output OUT = 1714.747192
# refmod: input A = 01100000010111010010110101010101, input B = 00100011111110000001011100100101, output OUT = 01000100110101100101011111101001
# UVM_INFO @ 1545: uvm_test_top.env_h.comp [Comparator Match] 
# fpmul: input A = -369525379691446272.000000, input B = -4641418183327980726376416921255936.000000, output OUT = inf
# fpmul: input A = 11011100101001000001101000101100, input B = 11110111011001001101011011101111, output OUT = 01111111100000000000000000000000
# refmod: input A = -369525379691446272.000000, input B = -4641418183327980726376416921255936.000000, output OUT = inf
# refmod: input A = 11011100101001000001101000101100, input B = 11110111011001001101011011101111, output OUT = 01111111100000000000000000000000
# UVM_INFO @ 1575: uvm_test_top.env_h.comp [Comparator Match] 
# fpmul: input A = -0.000000, input B = -61002111994822656.000000, output OUT = 362033.812500
# fpmul: input A = 10101100110100001100111110110100, input B = 11011011010110001011100100011001, output OUT = 01001000101100001100011000111010
# refmod: input A = -0.000000, input B = -61002111994822656.000000, output OUT = 362033.812500
# refmod: input A = 10101100110100001100111110110100, input B = 11011011010110001011100100011001, output OUT = 01001000101100001100011000111010
# UVM_INFO @ 1605: uvm_test_top.env_h.comp [Comparator Match] 
# fpmul: input A = 1535966183424.000000, input B = -0.000000, output OUT = -0.000000
# fpmul: input A = 01010011101100101100111101011100, input B = 10011010111110101011110011010101, output OUT = 10101111001011110010001001100101
# refmod: input A = 1535966183424.000000, input B = -0.000000, output OUT = -0.000000
# refmod: input A = 01010011101100101100111101011100, input B = 10011010111110101011110011010101, output OUT = 10101111001011110010001001100101
# UVM_INFO @ 1635: uvm_test_top.env_h.comp [Comparator Match] 
# fpmul: input A = -0.000000, input B = 19192973819388100608.000000, output OUT = -4041.602539
# fpmul: input A = 10100101011100101100011101101011, input B = 01011111100001010010110110010010, output OUT = 11000101011111001001100110100100
# refmod: input A = -0.000000, input B = 19192973819388100608.000000, output OUT = -4041.602539
# refmod: input A = 10100101011100101100011101101011, input B = 01011111100001010010110110010010, output OUT = 11000101011111001001100110100100
# UVM_INFO @ 1665: uvm_test_top.env_h.comp [Comparator Match] 
# fpmul: input A = 29844312.000000, input B = 35091920753122082816.000000, output OUT = 1047294267449165366035480576.000000
# fpmul: input A = 01001011111000111011000110101100, input B = 01011111111100110111111111000110, output OUT = 01101100010110001001001101001100
# refmod: input A = 29844312.000000, input B = 35091920753122082816.000000, output OUT = 1047294267449165366035480576.000000
# refmod: input A = 01001011111000111011000110101100, input B = 01011111111100110111111111000110, output OUT = 01101100010110001001001101001100
# UVM_INFO @ 1695: uvm_test_top.env_h.comp [Comparator Match] 
# fpmul: input A = 1316550.000000, input B = 0.000000, output OUT = 0.000609
# fpmul: input A = 01001001101000001011011000110000, input B = 00101111111111100010110001011000, output OUT = 00111010000111111001000010011010
# refmod: input A = 1316550.000000, input B = 0.000000, output OUT = 0.000609
# refmod: input A = 01001001101000001011011000110000, input B = 00101111111111100010110001011000, output OUT = 00111010000111111001000010011010
# UVM_INFO @ 1725: uvm_test_top.env_h.comp [Comparator Match] 
# fpmul: input A = 0.000000, input B = 396287895322239282211631203876864.000000, output OUT = 657054567591311310848.000000
# fpmul: input A = 00101011111010010101100010010110, input B = 01110101100111000100111011011010, output OUT = 01100010000011100111100111011011
# refmod: input A = 0.000000, input B = 396287895322239282211631203876864.000000, output OUT = 657054567591311310848.000000
# refmod: input A = 00101011111010010101100010010110, input B = 01110101100111000100111011011010, output OUT = 01100010000011100111100111011011
# UVM_INFO @ 1755: uvm_test_top.env_h.comp [Comparator Match] 
# fpmul: input A = -0.000000, input B = 165667385506791424.000000, output OUT = -1397595520.000000
# fpmul: input A = 10110010000100001110111010011001, input B = 01011100000100110010010001100111, output OUT = 11001110101001101001101100111011
# refmod: input A = -0.000000, input B = 165667385506791424.000000, output OUT = -1397595520.000000
# refmod: input A = 10110010000100001110111010011001, input B = 01011100000100110010010001100111, output OUT = 11001110101001101001101100111011
# UVM_INFO @ 1785: uvm_test_top.env_h.comp [Comparator Match] 
# fpmul: input A = 5377347530705070318419968.000000, input B = -0.000000, output OUT = -41050.925781
# fpmul: input A = 01101000100011100101011001010011, input B = 10011110000100000011001111111101, output OUT = 11000111001000000101101011101101
# refmod: input A = 5377347530705070318419968.000000, input B = -0.000000, output OUT = -41050.925781
# refmod: input A = 01101000100011100101011001010011, input B = 10011110000100000011001111111101, output OUT = 11000111001000000101101011101101
# UVM_INFO @ 1815: uvm_test_top.env_h.comp [Comparator Match] 
# fpmul: input A = -0.000000, input B = -2883313282842624.000000, output OUT = 0.000000
# fpmul: input A = 10000101100010011001001101111000, input B = 11011001001000111110010110111011, output OUT = 00011111001100000010100010110110
# refmod: input A = -0.000000, input B = -2883313282842624.000000, output OUT = 0.000000
# refmod: input A = 10000101100010011001001101111000, input B = 11011001001000111110010110111011, output OUT = 00011111001100000010100010110110
# UVM_INFO @ 1845: uvm_test_top.env_h.comp [Comparator Match] 
# fpmul: input A = 6162707698103091200.000000, input B = -0.000000, output OUT = -0.002733
# fpmul: input A = 01011110101010110000110010101100, input B = 10011100000001100000001111010100, output OUT = 10111011001100110001011001100010
# refmod: input A = 6162707698103091200.000000, input B = -0.000000, output OUT = -0.002733
# refmod: input A = 01011110101010110000110010101100, input B = 10011100000001100000001111010100, output OUT = 10111011001100110001011001100010
# UVM_INFO @ 1875: uvm_test_top.env_h.comp [Comparator Match] 
# fpmul: input A = -8142.461426, input B = 1171557183692123974664192.000000, output OUT = -9539359155027222019478388736.000000
# fpmul: input A = 11000101111111100111001110110001, input B = 01100111011110000001011000111110, output OUT = 11101101111101101001011000101111
# refmod: input A = -8142.461426, input B = 1171557183692123974664192.000000, output OUT = -9539359155027222019478388736.000000
# refmod: input A = 11000101111111100111001110110001, input B = 01100111011110000001011000111110, output OUT = 11101101111101101001011000101111
# UVM_INFO @ 1905: uvm_test_top.env_h.comp [Comparator Match] 
# fpmul: input A = 5335557.000000, input B = -0.000000, output OUT = -0.000000
# fpmul: input A = 01001010101000101101010000001010, input B = 10001000001001000110001110010011, output OUT = 10010011010100010001111001011000
# refmod: input A = 5335557.000000, input B = -0.000000, output OUT = -0.000000
# refmod: input A = 01001010101000101101010000001010, input B = 10001000001001000110001110010011, output OUT = 10010011010100010001111001011000
# UVM_INFO @ 1935: uvm_test_top.env_h.comp [Comparator Match] 
# fpmul: input A = -0.000000, input B = -0.000000, output OUT = 0.000000
# fpmul: input A = 10101111001011011100010001010011, input B = 10110011111100000110101000111010, output OUT = 00100011101000110011000000101000
# refmod: input A = -0.000000, input B = -0.000000, output OUT = 0.000000
# refmod: input A = 10101111001011011100010001010011, input B = 10110011111100000110101000111010, output OUT = 00100011101000110011000000101000
# UVM_INFO @ 1965: uvm_test_top.env_h.comp [Comparator Match] 
# fpmul: input A = 0.000001, input B = -0.000000, output OUT = -0.000000
# fpmul: input A = 00110101101010101101010000001100, input B = 10101000110111110010010010001010, output OUT = 10011111000101001110011100011000
# refmod: input A = 0.000001, input B = -0.000000, output OUT = -0.000000
# refmod: input A = 00110101101010101101010000001100, input B = 10101000110111110010010010001010, output OUT = 10011111000101001110011100011000
# UVM_INFO @ 1995: uvm_test_top.env_h.comp [Comparator Match] 
# fpmul: input A = -0.000000, input B = -7067610112.000000, output OUT = 0.000000
# fpmul: input A = 10000011101000100111110001011000, input B = 11001111110100101010000110010110, output OUT = 00010100000001011011000010010000
# refmod: input A = -0.000000, input B = -7067610112.000000, output OUT = 0.000000
# refmod: input A = 10000011101000100111110001011000, input B = 11001111110100101010000110010110, output OUT = 00010100000001011011000010010000
# UVM_INFO @ 2025: uvm_test_top.env_h.comp [Comparator Match] 
# fpmul: input A = -0.000000, input B = -0.000000, output OUT = 0.000000
# fpmul: input A = 10001111001111111110100000101011, input B = 10110100100011011100000100010101, output OUT = 00000100010101001000011100111011
# refmod: input A = -0.000000, input B = -0.000000, output OUT = 0.000000
# refmod: input A = 10001111001111111110100000101011, input B = 10110100100011011100000100010101, output OUT = 00000100010101001000011100111011
# UVM_INFO @ 2055: uvm_test_top.env_h.comp [Comparator Match] 
# fpmul: input A = -988819650248704.000000, input B = 0.000000, output OUT = -6.574197
# fpmul: input A = 11011000011000001101010011100001, input B = 00100111111011111000100111011101, output OUT = 11000000110100100101111111010010
# refmod: input A = -988819650248704.000000, input B = 0.000000, output OUT = -6.574197
# refmod: input A = 11011000011000001101010011100001, input B = 00100111111011111000100111011101, output OUT = 11000000110100100101111111010010
# UVM_INFO @ 2085: uvm_test_top.env_h.comp [Comparator Match] 
# fpmul: input A = -0.000000, input B = 514588512.000000, output OUT = -0.000000
# fpmul: input A = 10010001001001011101111111111110, input B = 01001101111101010101111111111011, output OUT = 10011111100111101111110110001111
# refmod: input A = -0.000000, input B = 514588512.000000, output OUT = -0.000000
# refmod: input A = 10010001001001011101111111111110, input B = 01001101111101010101111111111011, output OUT = 10011111100111101111110110001111
# UVM_INFO @ 2115: uvm_test_top.env_h.comp [Comparator Match] 
# fpmul: input A = 354340338401280.000000, input B = -1433463133384474624.000000, output OUT = -507933800217138734723290567278592.000000
# fpmul: input A = 01010111101000010010001010100101, input B = 11011101100111110010010101111001, output OUT = 11110101110010000101100000110101
# refmod: input A = 354340338401280.000000, input B = -1433463133384474624.000000, output OUT = -507933800217138734723290567278592.000000
# refmod: input A = 01010111101000010010001010100101, input B = 11011101100111110010010101111001, output OUT = 11110101110010000101100000110101
# UVM_INFO @ 2145: uvm_test_top.env_h.comp [Comparator Match] 
# fpmul: input A = -1059470889425244746218995712.000000, input B = -0.000000, output OUT = 0.000000
# fpmul: input A = 11101100010110110001011111101100, input B = 10000110010000010000110101010110, output OUT = 00110011001001010011100001110011
# refmod: input A = -1059470889425244746218995712.000000, input B = -0.000000, output OUT = 0.000000
# refmod: input A = 11101100010110110001011111101100, input B = 10000110010000010000110101010110, output OUT = 00110011001001010011100001110011
# UVM_INFO @ 2175: uvm_test_top.env_h.comp [Comparator Match] 
# fpmul: input A = -0.000000, input B = -0.000029, output OUT = 0.000000
# fpmul: input A = 10101001010010100010001010000011, input B = 10110111111101011100111011111110, output OUT = 00100001110000100001011001111000
# refmod: input A = -0.000000, input B = -0.000029, output OUT = 0.000000
# refmod: input A = 10101001010010100010001010000011, input B = 10110111111101011100111011111110, output OUT = 00100001110000100001011001111000
# UVM_INFO @ 2205: uvm_test_top.env_h.comp [Comparator Match] 
# fpmul: input A = -0.000000, input B = 3454.216797, output OUT = -0.000000
# fpmul: input A = 10001100101000101111001010110111, input B = 01000101010101111110001101111000, output OUT = 10010010100010010110101010100001
# refmod: input A = -0.000000, input B = 3454.216797, output OUT = -0.000000
# refmod: input A = 10001100101000101111001010110111, input B = 01000101010101111110001101111000, output OUT = 10010010100010010110101010100001
# UVM_INFO @ 2235: uvm_test_top.env_h.comp [Comparator Match] 
# fpmul: input A = -0.000105, input B = -12329072128723541585293020129340162048.000000, output OUT = 1296057146082196290647210321772544.000000
# fpmul: input A = 10111000110111000111010011110110, input B = 11111101000101000110011111100011, output OUT = 01110110011111111001101000101010
# refmod: input A = -0.000105, input B = -12329072128723541585293020129340162048.000000, output OUT = 1296057146082196290647210321772544.000000
# refmod: input A = 10111000110111000111010011110110, input B = 11111101000101000110011111100011, output OUT = 01110110011111111001101000101010
# UVM_INFO @ 2265: uvm_test_top.env_h.comp [Comparator Match] 
# fpmul: input A = -0.000000, input B = -0.000000, output OUT = 0.000000
# fpmul: input A = 10011110111101100100010000100111, input B = 10100110001010000100110101011011, output OUT = 00000101101000011110011100100100
# refmod: input A = -0.000000, input B = -0.000000, output OUT = 0.000000
# refmod: input A = 10011110111101100100010000100111, input B = 10100110001010000100110101011011, output OUT = 00000101101000011110011100100100
# UVM_INFO @ 2295: uvm_test_top.env_h.comp [Comparator Match] 
# fpmul: input A = 414976481303827417824229326848.000000, input B = -933811308459982848.000000, output OUT = -inf
# fpmul: input A = 01110000101001111001101110010000, input B = 11011101010011110101100100000111, output OUT = 11111111100000000000000000000000
# refmod: input A = 414976481303827417824229326848.000000, input B = -933811308459982848.000000, output OUT = -inf
# refmod: input A = 01110000101001111001101110010000, input B = 11011101010011110101100100000111, output OUT = 11111111100000000000000000000000
# UVM_INFO @ 2325: uvm_test_top.env_h.comp [Comparator Match] 
# fpmul: input A = 0.000000, input B = -47.581764, output OUT = -0.000000
# fpmul: input A = 00100101010011101010000010100111, input B = 11000010001111100101001110111010, output OUT = 10101000000110011001111011010000
# refmod: input A = 0.000000, input B = -47.581764, output OUT = -0.000000
# refmod: input A = 00100101010011101010000010100111, input B = 11000010001111100101001110111010, output OUT = 10101000000110011001111011010000
# UVM_INFO @ 2355: uvm_test_top.env_h.comp [Comparator Match] 
# fpmul: input A = 70034024491384832.000000, input B = 1287160612618619449965380584341504.000000, output OUT = inf
# fpmul: input A = 01011011011110001100111110010011, input B = 01110110011111011101100100000001, output OUT = 01111111100000000000000000000000
# refmod: input A = 70034024491384832.000000, input B = 1287160612618619449965380584341504.000000, output OUT = inf
# refmod: input A = 01011011011110001100111110010011, input B = 01110110011111011101100100000001, output OUT = 01111111100000000000000000000000
# UVM_INFO @ 2385: uvm_test_top.env_h.comp [Comparator Match] 
# fpmul: input A = 0.000000, input B = 1014993113062326850901394849792.000000, output OUT = 778209912185623150592.000000
# fpmul: input A = 00110000010100101100000010111100, input B = 01110001010011001111100111101010, output OUT = 01100010001010001011111101010100
# refmod: input A = 0.000000, input B = 1014993113062326850901394849792.000000, output OUT = 778209912185623150592.000000
# refmod: input A = 00110000010100101100000010111100, input B = 01110001010011001111100111101010, output OUT = 01100010001010001011111101010100
# UVM_INFO @ 2415: uvm_test_top.env_h.comp [Comparator Match] 
# fpmul: input A = 0.000000, input B = 7902900891044430204181955372646400.000000, output OUT = 92148327897488162816.000000
# fpmul: input A = 00101000010100100000110010001101, input B = 01110111110000101101001001010001, output OUT = 01100000100111111101101000010100
# refmod: input A = 0.000000, input B = 7902900891044430204181955372646400.000000, output OUT = 92148327897488162816.000000
# refmod: input A = 00101000010100100000110010001101, input B = 01110111110000101101001001010001, output OUT = 01100000100111111101101000010100
# UVM_INFO @ 2445: uvm_test_top.env_h.comp [Comparator Match] 
# fpmul: input A = 121239955364126630888035943651999744.000000, input B = -0.208730, output OUT = -25306401086205414891823562282237952.000000
# fpmul: input A = 01111001101110101100110010111011, input B = 10111110010101011011110101001001, output OUT = 11111000100110111111011001110110
# refmod: input A = 121239955364126630888035943651999744.000000, input B = -0.208730, output OUT = -25306401086205414891823562282237952.000000
# refmod: input A = 01111001101110101100110010111011, input B = 10111110010101011011110101001001, output OUT = 11111000100110111111011001110110
# UVM_INFO @ 2475: uvm_test_top.env_h.comp [Comparator Match] 
# fpmul: input A = -2785167429020598626652965044224.000000, input B = 0.000000, output OUT = -73260449792.000000
# fpmul: input A = 11110010000011001001110101110010, input B = 00011110111110000110111010100111, output OUT = 11010001100010000111010101001110
# refmod: input A = -2785167429020598626652965044224.000000, input B = 0.000000, output OUT = -73260449792.000000
# refmod: input A = 11110010000011001001110101110010, input B = 00011110111110000110111010100111, output OUT = 11010001100010000111010101001110
# UVM_INFO @ 2505: uvm_test_top.env_h.comp [Comparator Match] 
# fpmul: input A = 0.000000, input B = -0.000007, output OUT = -0.000000
# fpmul: input A = 00110001110101110001100010001011, input B = 10110110111110001000111101111101, output OUT = 10101001010100001101100001010110
# refmod: input A = 0.000000, input B = -0.000007, output OUT = -0.000000
# refmod: input A = 00110001110101110001100010001011, input B = 10110110111110001000111101111101, output OUT = 10101001010100001101100001010110
# UVM_INFO @ 2535: uvm_test_top.env_h.comp [Comparator Match] 
# fpmul: input A = 0.000003, input B = 0.000000, output OUT = 0.000000
# fpmul: input A = 00110110001010010101111000011010, input B = 00001101101100101010011101010000, output OUT = 00000100011011000110010000111111
# refmod: input A = 0.000003, input B = 0.000000, output OUT = 0.000000
# refmod: input A = 00110110001010010101111000011010, input B = 00001101101100101010011101010000, output OUT = 00000100011011000110010000111111
# UVM_INFO @ 2565: uvm_test_top.env_h.comp [Comparator Match] 
# fpmul: input A = -0.000000, input B = 8477275571482848054783286181888.000000, output OUT = -29519576.000000
# fpmul: input A = 10011000100001101011011000001100, input B = 01110010110101011111111100011100, output OUT = 11001011111000010011011101101100
# refmod: input A = -0.000000, input B = 8477275571482848054783286181888.000000, output OUT = -29519576.000000
# refmod: input A = 10011000100001101011011000001100, input B = 01110010110101011111111100011100, output OUT = 11001011111000010011011101101100
# UVM_INFO @ 2595: uvm_test_top.env_h.comp [Comparator Match] 
# fpmul: input A = -0.000000, input B = 0.000887, output OUT = -0.000000
# fpmul: input A = 10011011010000100011110101000110, input B = 00111010011010000111000100000100, output OUT = 10010110001100000101110101001000
# refmod: input A = -0.000000, input B = 0.000887, output OUT = -0.000000
# refmod: input A = 10011011010000100011110101000110, input B = 00111010011010000111000100000100, output OUT = 10010110001100000101110101001000
# UVM_INFO @ 2625: uvm_test_top.env_h.comp [Comparator Match] 
# fpmul: input A = -20120577416136010516750513473585152.000000, input B = -1178728398848.000000, output OUT = inf
# fpmul: input A = 11111000011110000000000101011001, input B = 11010011100010010011100011011000, output OUT = 01111111100000000000000000000000
# refmod: input A = -20120577416136010516750513473585152.000000, input B = -1178728398848.000000, output OUT = inf
# refmod: input A = 11111000011110000000000101011001, input B = 11010011100010010011100011011000, output OUT = 01111111100000000000000000000000
# UVM_INFO @ 2655: uvm_test_top.env_h.comp [Comparator Match] 
# fpmul: input A = 26052380340216385241088.000000, input B = 2530151.000000, output OUT = 65916458363262960877529202688.000000
# fpmul: input A = 01100100101100001000100110101101, input B = 01001010000110100110110110011100, output OUT = 01101111010101001111110011010001
# refmod: input A = 26052380340216385241088.000000, input B = 2530151.000000, output OUT = 65916458363262960877529202688.000000
# refmod: input A = 01100100101100001000100110101101, input B = 01001010000110100110110110011100, output OUT = 01101111010101001111110011010001
# UVM_INFO @ 2685: uvm_test_top.env_h.comp [Comparator Match] 
# fpmul: input A = 1202896919429382144.000000, input B = 13112604149042642944.000000, output OUT = 15773111479664410742878565173523644416.000000
# fpmul: input A = 01011101100001011000110001100011, input B = 01011111001101011111100101010100, output OUT = 01111101001111011101110010100111
# refmod: input A = 1202896919429382144.000000, input B = 13112604149042642944.000000, output OUT = 15773111479664410742878565173523644416.000000
# refmod: input A = 01011101100001011000110001100011, input B = 01011111001101011111100101010100, output OUT = 01111101001111011101110010100111
# UVM_INFO @ 2715: uvm_test_top.env_h.comp [Comparator Match] 
# fpmul: input A = 0.038849, input B = -117172359324646768640.000000, output OUT = -4551993257277521920.000000
# fpmul: input A = 00111101000111110001111111001111, input B = 11100000110010110100001011111011, output OUT = 11011110011111001010111110110111
# refmod: input A = 0.038849, input B = -117172359324646768640.000000, output OUT = -4551993257277521920.000000
# refmod: input A = 00111101000111110001111111001111, input B = 11100000110010110100001011111011, output OUT = 11011110011111001010111110110111
# UVM_INFO @ 2745: uvm_test_top.env_h.comp [Comparator Match] 
# fpmul: input A = 2354202487881885790560810440851456.000000, input B = -1.021734, output OUT = -2405368716100619306737872318496768.000000
# fpmul: input A = 01110110111010000010010001101101, input B = 10111111100000101100100000101110, output OUT = 11110110111011010011000000001011
# refmod: input A = 2354202487881885790560810440851456.000000, input B = -1.021734, output OUT = -2405368716100619306737872318496768.000000
# refmod: input A = 01110110111010000010010001101101, input B = 10111111100000101100100000101110, output OUT = 11110110111011010011000000001011
# UVM_INFO @ 2775: uvm_test_top.env_h.comp [Comparator Match] 
# fpmul: input A = 3805464320.000000, input B = -5935761602696882830704640.000000, output OUT = -22588327942468783974283499372806144.000000
# fpmul: input A = 01001111011000101101001011000111, input B = 11101000100111010001111001001001, output OUT = 11111000100010110011011000011001
# refmod: input A = 3805464320.000000, input B = -5935761602696882830704640.000000, output OUT = -22588327942468783974283499372806144.000000
# refmod: input A = 01001111011000101101001011000111, input B = 11101000100111010001111001001001, output OUT = 11111000100010110011011000011001
# UVM_INFO @ 2805: uvm_test_top.env_h.comp [Comparator Match] 
# fpmul: input A = -0.000000, input B = -31823658.000000, output OUT = 0.371221
# fpmul: input A = 10110010010010000110011011100100, input B = 11001011111100101100101110010101, output OUT = 00111110101111100001000010100010
# refmod: input A = -0.000000, input B = -31823658.000000, output OUT = 0.371221
# refmod: input A = 10110010010010000110011011100100, input B = 11001011111100101100101110010101, output OUT = 00111110101111100001000010100010
# UVM_INFO @ 2835: uvm_test_top.env_h.comp [Comparator Match] 
# fpmul: input A = 0.000000, input B = 0.000000, output OUT = 0.000000
# fpmul: input A = 00011011100110101010001101010011, input B = 00100101111100111000101001110100, output OUT = 00000010000100110001110010101010
# refmod: input A = 0.000000, input B = 0.000000, output OUT = 0.000000
# refmod: input A = 00011011100110101010001101010011, input B = 00100101111100111000101001110100, output OUT = 00000010000100110001110010101010
# UVM_INFO @ 2865: uvm_test_top.env_h.comp [Comparator Match] 
# fpmul: input A = -199813822001787230732605810467143680.000000, input B = 0.000000, output OUT = -401700835131654144.000000
# fpmul: input A = 11111010000110011110111001010100, input B = 00100010000101000101011011101100, output OUT = 11011100101100100110010000011001
# refmod: input A = -199813822001787230732605810467143680.000000, input B = 0.000000, output OUT = -401700835131654144.000000
# refmod: input A = 11111010000110011110111001010100, input B = 00100010000101000101011011101100, output OUT = 11011100101100100110010000011001
# UVM_INFO @ 2895: uvm_test_top.env_h.comp [Comparator Match] 
# fpmul: input A = -0.000000, input B = -771697.125000, output OUT = 0.000000
# fpmul: input A = 10100001011001110100101111011000, input B = 11001001001111000110011100010010, output OUT = 00101011001010100011100011010010
# refmod: input A = -0.000000, input B = -771697.125000, output OUT = 0.000000
# refmod: input A = 10100001011001110100101111011000, input B = 11001001001111000110011100010010, output OUT = 00101011001010100011100011010010
# UVM_INFO @ 2925: uvm_test_top.env_h.comp [Comparator Match] 
# fpmul: input A = 155830255091712.000000, input B = -0.000000, output OUT = -13.895162
# fpmul: input A = 01010111000011011011101000001111, input B = 10101001110010001100101000101111, output OUT = 11000001010111100101001010010101
# refmod: input A = 155830255091712.000000, input B = -0.000000, output OUT = -13.895162
# refmod: input A = 01010111000011011011101000001111, input B = 10101001110010001100101000101111, output OUT = 11000001010111100101001010010101
# UVM_INFO @ 2955: uvm_test_top.env_h.comp [Comparator Match] 
# fpmul: input A = 18345213194327854243905536000.000000, input B = -0.000000, output OUT = -0.000002
# fpmul: input A = 01101110011011010001101100111000, input B = 10000111000110101001110110000101, output OUT = 10110110000011110011010001000101
# refmod: input A = 18345213194327854243905536000.000000, input B = -0.000000, output OUT = -0.000002
# refmod: input A = 01101110011011010001101100111000, input B = 10000111000110101001110110000101, output OUT = 10110110000011110011010001000101
# UVM_INFO @ 2985: uvm_test_top.env_h.comp [Comparator Match] 
# fpmul: input A = -0.000000, input B = -66080076.000000, output OUT = 0.000000
# fpmul: input A = 10000011010001000010101111010111, input B = 11001100011111000001001101010011, output OUT = 00010000010000010010100111110110
# refmod: input A = -0.000000, input B = -66080076.000000, output OUT = 0.000000
# refmod: input A = 10000011010001000010101111010111, input B = 11001100011111000001001101010011, output OUT = 00010000010000010010100111110110
# UVM_INFO @ 3015: uvm_test_top.env_h.comp [Comparator Match] 
# fpmul: input A = 0.000000, input B = 149356.078125, output OUT = 0.000000
# fpmul: input A = 00001100011011100111001011101101, input B = 01001000000100011101101100000101, output OUT = 00010101000001111101101100011001
# refmod: input A = 0.000000, input B = 149356.078125, output OUT = 0.000000
# refmod: input A = 00001100011011100111001011101101, input B = 01001000000100011101101100000101, output OUT = 00010101000001111101101100011001
# UVM_INFO @ 3045: uvm_test_top.env_h.comp [Comparator Match] 
# UVM_INFO verilog_src/uvm-1.1d/src/base/uvm_objection.svh(1267) @ 3045: reporter [TEST_DONE] 'run' phase is ready to proceed to the 'extract' phase
# UVM_INFO ../tb/env.sv(42) @ 3045: uvm_test_top.env_h [env] Reporting matched 100
# UVM_ERROR ../tb/env.sv(44) @ 3045: uvm_test_top.env_h [env] Saw 1 mismatched samples
# 
# --- UVM Report Summary ---
# 
# ** Report counts by severity
# UVM_INFO :  107
# UVM_WARNING :    1
# UVM_ERROR :    1
# UVM_FATAL :    0
# ** Report counts by id
# [Comparator Match]   100
# [Comparator Mismatch]     1
# [MISCMP]     2
# [Questa UVM]     2
# [RNTST]     1
# [TEST_DONE]     1
# [env]     2
# ** Note: $finish    : /software/mentor/questa10.7c/questasim/linux_x86_64/../verilog_src/uvm-1.1d/src/base/uvm_root.svh(430)
#    Time: 3045 ns  Iteration: 58  Instance: /top
# Break in Task uvm_pkg/uvm_root::run_test at /software/mentor/questa10.7c/questasim/linux_x86_64/../verilog_src/uvm-1.1d/src/base/uvm_root.svh line 430



