# //  Questa Sim-64
# //  Version 10.7c linux_x86_64 Aug 17 2018
# //
# //  Copyright 1991-2018 Mentor Graphics Corporation
# //  All Rights Reserved.
# //
# //  QuestaSim and its associated documentation contain trade
# //  secrets and commercial or financial information that are the property of
# //  Mentor Graphics Corporation and are privileged, confidential,
# //  and exempt from disclosure under the Freedom of Information Act,
# //  5 U.S.C. Section 552. Furthermore, this information
# //  is prohibited from disclosure under the Trade Secrets Act,
# //  18 U.S.C. Section 1905.
# //
# vsim top 
# Start time: 16:16:32 on Mar 03,2022
# ** Note: (vsim-3813) Design is being optimized due to module recompilation...
# ** Warning: ../tb/monitor.sv(49): (vopt-2240) Treating stand-alone use of function 'begin_tr' as an implicit VOID cast.
# ** Warning: ../tb/monitor_out.sv(48): (vopt-2240) Treating stand-alone use of function 'begin_tr' as an implicit VOID cast.
# Loading sv_std.std
# Loading mtiUvm.uvm_pkg
# Loading work.top_sv_unit(fast)
# Loading work.top(fast)
# Loading work.DUT(fast)
# Loading mtiUvm.questa_uvm_pkg(fast)
# Loading work.dut_if(fast)
# Loading std.standard
# Loading std.textio(body)
# Loading ieee.std_logic_1164(body)
# Loading ieee.numeric_std(body)
# Loading work.dadda_lib(body)
# Loading work.dadda(behavioral)#1
# ** Warning: (vsim-3839) Variable '/top/out/data', driven via a port connection, is multiply driven. See ../src/DUT.sv(3).
#    Time: 0 ns  Iteration: 0  Instance: /top/sum File: ../src/DUT.sv Line: 9
# ** Warning: (vsim-3764) Stand-alone call to function 'begin_tr' treated as implicit void cast.
#    Time: 0 ns  Iteration: 0  Region: /top_sv_unit::driver File: ../tb/driver.sv Line: 67
# Loading /software/mentor/questa10.7c/questasim/uvm-1.1d/linux_x86_64/uvm_dpi.so
run 4us
# ----------------------------------------------------------------
# UVM-1.1d
# (C) 2007-2013 Mentor Graphics Corporation
# (C) 2007-2013 Cadence Design Systems, Inc.
# (C) 2006-2013 Synopsys, Inc.
# (C) 2011-2013 Cypress Semiconductor Corp.
# ----------------------------------------------------------------
# 
#   ***********       IMPORTANT RELEASE NOTES         ************
# 
#   You are using a version of the UVM library that has been compiled
#   with `UVM_NO_DEPRECATED undefined.
#   See http://www.eda.org/svdb/view.php?id=3313 for more details.
# 
#   You are using a version of the UVM library that has been compiled
#   with `UVM_OBJECT_MUST_HAVE_CONSTRUCTOR undefined.
#   See http://www.eda.org/svdb/view.php?id=3770 for more details.
# 
#       (Specify +UVM_NO_RELNOTES to turn off this notice)
# 
# UVM_INFO verilog_src/questa_uvm_pkg-1.2/src/questa_uvm_pkg.sv(215) @ 0: reporter [Questa UVM] QUESTA_UVM-1.2.3
# UVM_INFO verilog_src/questa_uvm_pkg-1.2/src/questa_uvm_pkg.sv(216) @ 0: reporter [Questa UVM]  questa_uvm::init(+struct)
# UVM_INFO @ 0: reporter [RNTST] Running test simple_test...
# MBE: input A =        915, input B = 4294967215, output OUT =        3929895001725
# MBE: input A = 00000000000000000000001110010011, input B = 11111111111111111111111110101111, output OUT = 0000000000000000000000111001001011111111111111101101111001111101
# refmod: input A =         915, input B =         -81, output OUT =      -74115
# refmod: input A = 00000000000000000000001110010011, input B = 11111111111111111111111110101111, output OUT = 11111111111111101101111001111101
# UVM_INFO @ 45: uvm_test_top.env_h.comp [Comparator Match] 
# MBE: input A =        751, input B = 4294967223, output OUT =        3225520384473
# MBE: input A = 00000000000000000000001011101111, input B = 11111111111111111111111110110111, output OUT = 0000000000000000000000101110111011111111111111110010100111011001
# refmod: input A =         751, input B =         -73, output OUT =      -54823
# refmod: input A = 00000000000000000000001011101111, input B = 11111111111111111111111110110111, output OUT = 11111111111111110010100111011001
# UVM_INFO @ 75: uvm_test_top.env_h.comp [Comparator Match] 
# MBE: input A =        472, input B = 4294967222, output OUT =        2027224528784
# MBE: input A = 00000000000000000000000111011000, input B = 11111111111111111111111110110110, output OUT = 0000000000000000000000011101011111111111111111110111011110010000
# refmod: input A =         472, input B =         -74, output OUT =      -34928
# refmod: input A = 00000000000000000000000111011000, input B = 11111111111111111111111110110110, output OUT = 11111111111111110111011110010000
# UVM_INFO @ 105: uvm_test_top.env_h.comp [Comparator Match] 
# MBE: input A =        752, input B =         11, output OUT =                 8272
# MBE: input A = 00000000000000000000001011110000, input B = 00000000000000000000000000001011, output OUT = 0000000000000000000000000000000000000000000000000010000001010000
# refmod: input A =         752, input B =          11, output OUT =        8272
# refmod: input A = 00000000000000000000001011110000, input B = 00000000000000000000000000001011, output OUT = 00000000000000000010000001010000
# UVM_INFO @ 135: uvm_test_top.env_h.comp [Comparator Match] 
# MBE: input A =        435, input B =         16, output OUT =                 6960
# MBE: input A = 00000000000000000000000110110011, input B = 00000000000000000000000000010000, output OUT = 0000000000000000000000000000000000000000000000000001101100110000
# refmod: input A =         435, input B =          16, output OUT =        6960
# refmod: input A = 00000000000000000000000110110011, input B = 00000000000000000000000000010000, output OUT = 00000000000000000001101100110000
# UVM_INFO @ 165: uvm_test_top.env_h.comp [Comparator Match] 
# MBE: input A =        890, input B =         59, output OUT =                52510
# MBE: input A = 00000000000000000000001101111010, input B = 00000000000000000000000000111011, output OUT = 0000000000000000000000000000000000000000000000001100110100011110
# refmod: input A =         890, input B =          59, output OUT =       52510
# refmod: input A = 00000000000000000000001101111010, input B = 00000000000000000000000000111011, output OUT = 00000000000000001100110100011110
# UVM_INFO @ 195: uvm_test_top.env_h.comp [Comparator Match] 
# MBE: input A =        959, input B =         20, output OUT =                19180
# MBE: input A = 00000000000000000000001110111111, input B = 00000000000000000000000000010100, output OUT = 0000000000000000000000000000000000000000000000000100101011101100
# refmod: input A =         959, input B =          20, output OUT =       19180
# refmod: input A = 00000000000000000000001110111111, input B = 00000000000000000000000000010100, output OUT = 00000000000000000100101011101100
# UVM_INFO @ 225: uvm_test_top.env_h.comp [Comparator Match] 
# MBE: input A =        485, input B = 4294967244, output OUT =        2083059113340
# MBE: input A = 00000000000000000000000111100101, input B = 11111111111111111111111111001100, output OUT = 0000000000000000000000011110010011111111111111111001110101111100
# refmod: input A =         485, input B =         -52, output OUT =      -25220
# refmod: input A = 00000000000000000000000111100101, input B = 11111111111111111111111111001100, output OUT = 11111111111111111001110101111100
# UVM_INFO @ 255: uvm_test_top.env_h.comp [Comparator Match] 
# MBE: input A =        960, input B = 4294967257, output OUT =        4123168566720
# MBE: input A = 00000000000000000000001111000000, input B = 11111111111111111111111111011001, output OUT = 0000000000000000000000111011111111111111111111110110110111000000
# refmod: input A =         960, input B =         -39, output OUT =      -37440
# refmod: input A = 00000000000000000000001111000000, input B = 11111111111111111111111111011001, output OUT = 11111111111111110110110111000000
# UVM_INFO @ 285: uvm_test_top.env_h.comp [Comparator Match] 
# MBE: input A =        776, input B = 4294967269, output OUT =        3332894600744
# MBE: input A = 00000000000000000000001100001000, input B = 11111111111111111111111111100101, output OUT = 0000000000000000000000110000011111111111111111111010111000101000
# refmod: input A =         776, input B =         -27, output OUT =      -20952
# refmod: input A = 00000000000000000000001100001000, input B = 11111111111111111111111111100101, output OUT = 11111111111111111010111000101000
# UVM_INFO @ 315: uvm_test_top.env_h.comp [Comparator Match] 
# MBE: input A =        861, input B = 4294967291, output OUT =        3697966837551
# MBE: input A = 00000000000000000000001101011101, input B = 11111111111111111111111111111011, output OUT = 0000000000000000000000110101110011111111111111111110111100101111
# refmod: input A =         861, input B =          -5, output OUT =       -4305
# refmod: input A = 00000000000000000000001101011101, input B = 11111111111111111111111111111011, output OUT = 11111111111111111110111100101111
# UVM_INFO @ 345: uvm_test_top.env_h.comp [Comparator Match] 
# MBE: input A =        977, input B =         36, output OUT =                35172
# MBE: input A = 00000000000000000000001111010001, input B = 00000000000000000000000000100100, output OUT = 0000000000000000000000000000000000000000000000001000100101100100
# refmod: input A =         977, input B =          36, output OUT =       35172
# refmod: input A = 00000000000000000000001111010001, input B = 00000000000000000000000000100100, output OUT = 00000000000000001000100101100100
# UVM_INFO @ 375: uvm_test_top.env_h.comp [Comparator Match] 
# MBE: input A =        199, input B = 4294967221, output OUT =         854698476979
# MBE: input A = 00000000000000000000000011000111, input B = 11111111111111111111111110110101, output OUT = 0000000000000000000000001100011011111111111111111100010110110011
# refmod: input A =         199, input B =         -75, output OUT =      -14925
# refmod: input A = 00000000000000000000000011000111, input B = 11111111111111111111111110110101, output OUT = 11111111111111111100010110110011
# UVM_INFO @ 405: uvm_test_top.env_h.comp [Comparator Match] 
# MBE: input A =        510, input B = 4294967279, output OUT =        2190433312290
# MBE: input A = 00000000000000000000000111111110, input B = 11111111111111111111111111101111, output OUT = 0000000000000000000000011111110111111111111111111101111000100010
# refmod: input A =         510, input B =         -17, output OUT =       -8670
# refmod: input A = 00000000000000000000000111111110, input B = 11111111111111111111111111101111, output OUT = 11111111111111111101111000100010
# UVM_INFO @ 435: uvm_test_top.env_h.comp [Comparator Match] 
# MBE: input A =        901, input B = 4294967253, output OUT =        3869765494953
# MBE: input A = 00000000000000000000001110000101, input B = 11111111111111111111111111010101, output OUT = 0000000000000000000000111000010011111111111111110110100010101001
# refmod: input A =         901, input B =         -43, output OUT =      -38743
# refmod: input A = 00000000000000000000001110000101, input B = 11111111111111111111111111010101, output OUT = 11111111111111110110100010101001
# UVM_INFO @ 465: uvm_test_top.env_h.comp [Comparator Match] 
# MBE: input A =        386, input B =         98, output OUT =                37828
# MBE: input A = 00000000000000000000000110000010, input B = 00000000000000000000000001100010, output OUT = 0000000000000000000000000000000000000000000000001001001111000100
# refmod: input A =         386, input B =          98, output OUT =       37828
# refmod: input A = 00000000000000000000000110000010, input B = 00000000000000000000000001100010, output OUT = 00000000000000001001001111000100
# UVM_INFO @ 495: uvm_test_top.env_h.comp [Comparator Match] 
# MBE: input A =        645, input B = 4294967287, output OUT =        2770253900115
# MBE: input A = 00000000000000000000001010000101, input B = 11111111111111111111111111110111, output OUT = 0000000000000000000000101000010011111111111111111110100101010011
# refmod: input A =         645, input B =          -9, output OUT =       -5805
# refmod: input A = 00000000000000000000001010000101, input B = 11111111111111111111111111110111, output OUT = 11111111111111111110100101010011
# UVM_INFO @ 525: uvm_test_top.env_h.comp [Comparator Match] 
# MBE: input A =        574, input B =         40, output OUT =                22960
# MBE: input A = 00000000000000000000001000111110, input B = 00000000000000000000000000101000, output OUT = 0000000000000000000000000000000000000000000000000101100110110000
# refmod: input A =         574, input B =          40, output OUT =       22960
# refmod: input A = 00000000000000000000001000111110, input B = 00000000000000000000000000101000, output OUT = 00000000000000000101100110110000
# UVM_INFO @ 555: uvm_test_top.env_h.comp [Comparator Match] 
# MBE: input A =        827, input B = 4294967232, output OUT =        3551937900864
# MBE: input A = 00000000000000000000001100111011, input B = 11111111111111111111111111000000, output OUT = 0000000000000000000000110011101011111111111111110011000101000000
# refmod: input A =         827, input B =         -64, output OUT =      -52928
# refmod: input A = 00000000000000000000001100111011, input B = 11111111111111111111111111000000, output OUT = 11111111111111110011000101000000
# UVM_INFO @ 585: uvm_test_top.env_h.comp [Comparator Match] 
# MBE: input A =        611, input B =         95, output OUT =                58045
# MBE: input A = 00000000000000000000001001100011, input B = 00000000000000000000000001011111, output OUT = 0000000000000000000000000000000000000000000000001110001010111101
# refmod: input A =         611, input B =          95, output OUT =       58045
# refmod: input A = 00000000000000000000001001100011, input B = 00000000000000000000000001011111, output OUT = 00000000000000001110001010111101
# UVM_INFO @ 615: uvm_test_top.env_h.comp [Comparator Match] 
# MBE: input A =        757, input B = 4294967226, output OUT =        3251290190082
# MBE: input A = 00000000000000000000001011110101, input B = 11111111111111111111111110111010, output OUT = 0000000000000000000000101111010011111111111111110011000100000010
# refmod: input A =         757, input B =         -70, output OUT =      -52990
# refmod: input A = 00000000000000000000001011110101, input B = 11111111111111111111111110111010, output OUT = 11111111111111110011000100000010
# UVM_INFO @ 645: uvm_test_top.env_h.comp [Comparator Match] 
# MBE: input A =        207, input B = 4294967202, output OUT =         889058210814
# MBE: input A = 00000000000000000000000011001111, input B = 11111111111111111111111110100010, output OUT = 0000000000000000000000001100111011111111111111111011001111111110
# refmod: input A =         207, input B =         -94, output OUT =      -19458
# refmod: input A = 00000000000000000000000011001111, input B = 11111111111111111111111110100010, output OUT = 11111111111111111011001111111110
# UVM_INFO @ 675: uvm_test_top.env_h.comp [Comparator Match] 
# MBE: input A =        937, input B =          3, output OUT =                 2811
# MBE: input A = 00000000000000000000001110101001, input B = 00000000000000000000000000000011, output OUT = 0000000000000000000000000000000000000000000000000000101011111011
# refmod: input A =         937, input B =           3, output OUT =        2811
# refmod: input A = 00000000000000000000001110101001, input B = 00000000000000000000000000000011, output OUT = 00000000000000000000101011111011
# UVM_INFO @ 705: uvm_test_top.env_h.comp [Comparator Match] 
# MBE: input A =        439, input B =         99, output OUT =                43461
# MBE: input A = 00000000000000000000000110110111, input B = 00000000000000000000000001100011, output OUT = 0000000000000000000000000000000000000000000000001010100111000101
# refmod: input A =         439, input B =          99, output OUT =       43461
# refmod: input A = 00000000000000000000000110110111, input B = 00000000000000000000000001100011, output OUT = 00000000000000001010100111000101
# UVM_INFO @ 735: uvm_test_top.env_h.comp [Comparator Match] 
# MBE: input A =        723, input B =         56, output OUT =                40488
# MBE: input A = 00000000000000000000001011010011, input B = 00000000000000000000000000111000, output OUT = 0000000000000000000000000000000000000000000000001001111000101000
# refmod: input A =         723, input B =          56, output OUT =       40488
# refmod: input A = 00000000000000000000001011010011, input B = 00000000000000000000000000111000, output OUT = 00000000000000001001111000101000
# UVM_INFO @ 765: uvm_test_top.env_h.comp [Comparator Match] 
# MBE: input A =        681, input B = 4294967234, output OUT =        2924872686354
# MBE: input A = 00000000000000000000001010101001, input B = 11111111111111111111111111000010, output OUT = 0000000000000000000000101010100011111111111111110101101100010010
# refmod: input A =         681, input B =         -62, output OUT =      -42222
# refmod: input A = 00000000000000000000001010101001, input B = 11111111111111111111111111000010, output OUT = 11111111111111110101101100010010
# UVM_INFO @ 795: uvm_test_top.env_h.comp [Comparator Match] 
# MBE: input A =        298, input B = 4294967294, output OUT =        1279900253612
# MBE: input A = 00000000000000000000000100101010, input B = 11111111111111111111111111111110, output OUT = 0000000000000000000000010010100111111111111111111111110110101100
# refmod: input A =         298, input B =          -2, output OUT =        -596
# refmod: input A = 00000000000000000000000100101010, input B = 11111111111111111111111111111110, output OUT = 11111111111111111111110110101100
# UVM_INFO @ 825: uvm_test_top.env_h.comp [Comparator Match] 
# MBE: input A =        602, input B =         63, output OUT =                37926
# MBE: input A = 00000000000000000000001001011010, input B = 00000000000000000000000000111111, output OUT = 0000000000000000000000000000000000000000000000001001010000100110
# refmod: input A =         602, input B =          63, output OUT =       37926
# refmod: input A = 00000000000000000000001001011010, input B = 00000000000000000000000000111111, output OUT = 00000000000000001001010000100110
# UVM_INFO @ 855: uvm_test_top.env_h.comp [Comparator Match] 
# MBE: input A =        422, input B =         26, output OUT =                10972
# MBE: input A = 00000000000000000000000110100110, input B = 00000000000000000000000000011010, output OUT = 0000000000000000000000000000000000000000000000000010101011011100
# refmod: input A =         422, input B =          26, output OUT =       10972
# refmod: input A = 00000000000000000000000110100110, input B = 00000000000000000000000000011010, output OUT = 00000000000000000010101011011100
# UVM_INFO @ 885: uvm_test_top.env_h.comp [Comparator Match] 
# MBE: input A =        646, input B = 4294967197, output OUT =        2774548809262
# MBE: input A = 00000000000000000000001010000110, input B = 11111111111111111111111110011101, output OUT = 0000000000000000000000101000010111111111111111110000011000101110
# refmod: input A =         646, input B =         -99, output OUT =      -63954
# refmod: input A = 00000000000000000000001010000110, input B = 11111111111111111111111110011101, output OUT = 11111111111111110000011000101110
# UVM_INFO @ 915: uvm_test_top.env_h.comp [Comparator Match] 
# MBE: input A =        897, input B =         80, output OUT =                71760
# MBE: input A = 00000000000000000000001110000001, input B = 00000000000000000000000001010000, output OUT = 0000000000000000000000000000000000000000000000010001100001010000
# refmod: input A =         897, input B =          80, output OUT =       71760
# refmod: input A = 00000000000000000000001110000001, input B = 00000000000000000000000001010000, output OUT = 00000000000000010001100001010000
# UVM_INFO @ 945: uvm_test_top.env_h.comp [Comparator Match] 
# MBE: input A =        392, input B = 4294967243, output OUT =        1683627159256
# MBE: input A = 00000000000000000000000110001000, input B = 11111111111111111111111111001011, output OUT = 0000000000000000000000011000011111111111111111111010111011011000
# refmod: input A =         392, input B =         -53, output OUT =      -20776
# refmod: input A = 00000000000000000000000110001000, input B = 11111111111111111111111111001011, output OUT = 11111111111111111010111011011000
# UVM_INFO @ 975: uvm_test_top.env_h.comp [Comparator Match] 
# MBE: input A =        391, input B = 4294967238, output OUT =        1679332190058
# MBE: input A = 00000000000000000000000110000111, input B = 11111111111111111111111111000110, output OUT = 0000000000000000000000011000011011111111111111111010011101101010
# refmod: input A =         391, input B =         -58, output OUT =      -22678
# refmod: input A = 00000000000000000000000110000111, input B = 11111111111111111111111111000110, output OUT = 11111111111111111010011101101010
# UVM_INFO @ 1005: uvm_test_top.env_h.comp [Comparator Match] 
# MBE: input A =        959, input B =         21, output OUT =                20139
# MBE: input A = 00000000000000000000001110111111, input B = 00000000000000000000000000010101, output OUT = 0000000000000000000000000000000000000000000000000100111010101011
# refmod: input A =         959, input B =          21, output OUT =       20139
# refmod: input A = 00000000000000000000001110111111, input B = 00000000000000000000000000010101, output OUT = 00000000000000000100111010101011
# UVM_INFO @ 1035: uvm_test_top.env_h.comp [Comparator Match] 
# MBE: input A =        591, input B = 4294967205, output OUT =        2538325618155
# MBE: input A = 00000000000000000000001001001111, input B = 11111111111111111111111110100101, output OUT = 0000000000000000000000100100111011111111111111110010110111101011
# refmod: input A =         591, input B =         -91, output OUT =      -53781
# refmod: input A = 00000000000000000000001001001111, input B = 11111111111111111111111110100101, output OUT = 11111111111111110010110111101011
# UVM_INFO @ 1065: uvm_test_top.env_h.comp [Comparator Match] 
# MBE: input A =        316, input B =         69, output OUT =                21804
# MBE: input A = 00000000000000000000000100111100, input B = 00000000000000000000000001000101, output OUT = 0000000000000000000000000000000000000000000000000101010100101100
# refmod: input A =         316, input B =          69, output OUT =       21804
# refmod: input A = 00000000000000000000000100111100, input B = 00000000000000000000000001000101, output OUT = 00000000000000000101010100101100
# UVM_INFO @ 1095: uvm_test_top.env_h.comp [Comparator Match] 
# MBE: input A =        785, input B =         97, output OUT =                76145
# MBE: input A = 00000000000000000000001100010001, input B = 00000000000000000000000001100001, output OUT = 0000000000000000000000000000000000000000000000010010100101110001
# refmod: input A =         785, input B =          97, output OUT =       76145
# refmod: input A = 00000000000000000000001100010001, input B = 00000000000000000000000001100001, output OUT = 00000000000000010010100101110001
# UVM_INFO @ 1125: uvm_test_top.env_h.comp [Comparator Match] 
# MBE: input A =        277, input B =         55, output OUT =                15235
# MBE: input A = 00000000000000000000000100010101, input B = 00000000000000000000000000110111, output OUT = 0000000000000000000000000000000000000000000000000011101110000011
# refmod: input A =         277, input B =          55, output OUT =       15235
# refmod: input A = 00000000000000000000000100010101, input B = 00000000000000000000000000110111, output OUT = 00000000000000000011101110000011
# UVM_INFO @ 1155: uvm_test_top.env_h.comp [Comparator Match] 
# MBE: input A =        488, input B = 4294967199, output OUT =        2095943993112
# MBE: input A = 00000000000000000000000111101000, input B = 11111111111111111111111110011111, output OUT = 0000000000000000000000011110011111111111111111110100011100011000
# refmod: input A =         488, input B =         -97, output OUT =      -47336
# refmod: input A = 00000000000000000000000111101000, input B = 11111111111111111111111110011111, output OUT = 11111111111111110100011100011000
# UVM_INFO @ 1185: uvm_test_top.env_h.comp [Comparator Match] 
# MBE: input A =        642, input B =         94, output OUT =                60348
# MBE: input A = 00000000000000000000001010000010, input B = 00000000000000000000000001011110, output OUT = 0000000000000000000000000000000000000000000000001110101110111100
# refmod: input A =         642, input B =          94, output OUT =       60348
# refmod: input A = 00000000000000000000001010000010, input B = 00000000000000000000000001011110, output OUT = 00000000000000001110101110111100
# UVM_INFO @ 1215: uvm_test_top.env_h.comp [Comparator Match] 
# MBE: input A =        800, input B = 4294967264, output OUT =        3435973811200
# MBE: input A = 00000000000000000000001100100000, input B = 11111111111111111111111111100000, output OUT = 0000000000000000000000110001111111111111111111111001110000000000
# refmod: input A =         800, input B =         -32, output OUT =      -25600
# refmod: input A = 00000000000000000000001100100000, input B = 11111111111111111111111111100000, output OUT = 11111111111111111001110000000000
# UVM_INFO @ 1245: uvm_test_top.env_h.comp [Comparator Match] 
# MBE: input A =        621, input B = 4294967245, output OUT =        2667174659145
# MBE: input A = 00000000000000000000001001101101, input B = 11111111111111111111111111001101, output OUT = 0000000000000000000000100110110011111111111111111000010001001001
# refmod: input A =         621, input B =         -51, output OUT =      -31671
# refmod: input A = 00000000000000000000001001101101, input B = 11111111111111111111111111001101, output OUT = 11111111111111111000010001001001
# UVM_INFO @ 1275: uvm_test_top.env_h.comp [Comparator Match] 
# MBE: input A =        264, input B =         30, output OUT =                 7920
# MBE: input A = 00000000000000000000000100001000, input B = 00000000000000000000000000011110, output OUT = 0000000000000000000000000000000000000000000000000001111011110000
# refmod: input A =         264, input B =          30, output OUT =        7920
# refmod: input A = 00000000000000000000000100001000, input B = 00000000000000000000000000011110, output OUT = 00000000000000000001111011110000
# UVM_INFO @ 1305: uvm_test_top.env_h.comp [Comparator Match] 
# MBE: input A =        798, input B = 4294967264, output OUT =        3427383876672
# MBE: input A = 00000000000000000000001100011110, input B = 11111111111111111111111111100000, output OUT = 0000000000000000000000110001110111111111111111111001110001000000
# refmod: input A =         798, input B =         -32, output OUT =      -25536
# refmod: input A = 00000000000000000000001100011110, input B = 11111111111111111111111111100000, output OUT = 11111111111111111001110001000000
# UVM_INFO @ 1335: uvm_test_top.env_h.comp [Comparator Match] 
# MBE: input A =        767, input B = 4294967279, output OUT =        3294239902993
# MBE: input A = 00000000000000000000001011111111, input B = 11111111111111111111111111101111, output OUT = 0000000000000000000000101111111011111111111111111100110100010001
# refmod: input A =         767, input B =         -17, output OUT =      -13039
# refmod: input A = 00000000000000000000001011111111, input B = 11111111111111111111111111101111, output OUT = 11111111111111111100110100010001
# UVM_INFO @ 1365: uvm_test_top.env_h.comp [Comparator Match] 
# MBE: input A =        551, input B = 4294967294, output OUT =        2366526978994
# MBE: input A = 00000000000000000000001000100111, input B = 11111111111111111111111111111110, output OUT = 0000000000000000000000100010011011111111111111111111101110110010
# refmod: input A =         551, input B =          -2, output OUT =       -1102
# refmod: input A = 00000000000000000000001000100111, input B = 11111111111111111111111111111110, output OUT = 11111111111111111111101110110010
# UVM_INFO @ 1395: uvm_test_top.env_h.comp [Comparator Match] 
# MBE: input A =        722, input B =         13, output OUT =                 9386
# MBE: input A = 00000000000000000000001011010010, input B = 00000000000000000000000000001101, output OUT = 0000000000000000000000000000000000000000000000000010010010101010
# refmod: input A =         722, input B =          13, output OUT =        9386
# refmod: input A = 00000000000000000000001011010010, input B = 00000000000000000000000000001101, output OUT = 00000000000000000010010010101010
# UVM_INFO @ 1425: uvm_test_top.env_h.comp [Comparator Match] 
# MBE: input A =        178, input B =         35, output OUT =                 6230
# MBE: input A = 00000000000000000000000010110010, input B = 00000000000000000000000000100011, output OUT = 0000000000000000000000000000000000000000000000000001100001010110
# refmod: input A =         178, input B =          35, output OUT =        6230
# refmod: input A = 00000000000000000000000010110010, input B = 00000000000000000000000000100011, output OUT = 00000000000000000001100001010110
# UVM_INFO @ 1455: uvm_test_top.env_h.comp [Comparator Match] 
# MBE: input A =        260, input B =         58, output OUT =                15080
# MBE: input A = 00000000000000000000000100000100, input B = 00000000000000000000000000111010, output OUT = 0000000000000000000000000000000000000000000000000011101011101000
# refmod: input A =         260, input B =          58, output OUT =       15080
# refmod: input A = 00000000000000000000000100000100, input B = 00000000000000000000000000111010, output OUT = 00000000000000000011101011101000
# UVM_INFO @ 1485: uvm_test_top.env_h.comp [Comparator Match] 
# MBE: input A =        602, input B =         16, output OUT =                 9632
# MBE: input A = 00000000000000000000001001011010, input B = 00000000000000000000000000010000, output OUT = 0000000000000000000000000000000000000000000000000010010110100000
# refmod: input A =         602, input B =          16, output OUT =        9632
# refmod: input A = 00000000000000000000001001011010, input B = 00000000000000000000000000010000, output OUT = 00000000000000000010010110100000
# UVM_INFO @ 1515: uvm_test_top.env_h.comp [Comparator Match] 
# MBE: input A =        997, input B =         61, output OUT =                60817
# MBE: input A = 00000000000000000000001111100101, input B = 00000000000000000000000000111101, output OUT = 0000000000000000000000000000000000000000000000001110110110010001
# refmod: input A =         997, input B =          61, output OUT =       60817
# refmod: input A = 00000000000000000000001111100101, input B = 00000000000000000000000000111101, output OUT = 00000000000000001110110110010001
# UVM_INFO @ 1545: uvm_test_top.env_h.comp [Comparator Match] 
# MBE: input A =        113, input B = 4294967278, output OUT =         485331302414
# MBE: input A = 00000000000000000000000001110001, input B = 11111111111111111111111111101110, output OUT = 0000000000000000000000000111000011111111111111111111100000001110
# refmod: input A =         113, input B =         -18, output OUT =       -2034
# refmod: input A = 00000000000000000000000001110001, input B = 11111111111111111111111111101110, output OUT = 11111111111111111111100000001110
# UVM_INFO @ 1575: uvm_test_top.env_h.comp [Comparator Match] 
# MBE: input A =        212, input B = 4294967212, output OUT =         910533048944
# MBE: input A = 00000000000000000000000011010100, input B = 11111111111111111111111110101100, output OUT = 0000000000000000000000001101001111111111111111111011101001110000
# refmod: input A =         212, input B =         -84, output OUT =      -17808
# refmod: input A = 00000000000000000000000011010100, input B = 11111111111111111111111110101100, output OUT = 11111111111111111011101001110000
# UVM_INFO @ 1605: uvm_test_top.env_h.comp [Comparator Match] 
# MBE: input A =        133, input B =         40, output OUT =                 5320
# MBE: input A = 00000000000000000000000010000101, input B = 00000000000000000000000000101000, output OUT = 0000000000000000000000000000000000000000000000000001010011001000
# refmod: input A =         133, input B =          40, output OUT =        5320
# refmod: input A = 00000000000000000000000010000101, input B = 00000000000000000000000000101000, output OUT = 00000000000000000001010011001000
# UVM_INFO @ 1635: uvm_test_top.env_h.comp [Comparator Match] 
# MBE: input A =        605, input B =         47, output OUT =                28435
# MBE: input A = 00000000000000000000001001011101, input B = 00000000000000000000000000101111, output OUT = 0000000000000000000000000000000000000000000000000110111100010011
# refmod: input A =         605, input B =          47, output OUT =       28435
# refmod: input A = 00000000000000000000001001011101, input B = 00000000000000000000000000101111, output OUT = 00000000000000000110111100010011
# UVM_INFO @ 1665: uvm_test_top.env_h.comp [Comparator Match] 
# MBE: input A =        817, input B =         76, output OUT =                62092
# MBE: input A = 00000000000000000000001100110001, input B = 00000000000000000000000001001100, output OUT = 0000000000000000000000000000000000000000000000001111001010001100
# refmod: input A =         817, input B =          76, output OUT =       62092
# refmod: input A = 00000000000000000000001100110001, input B = 00000000000000000000000001001100, output OUT = 00000000000000001111001010001100
# UVM_INFO @ 1695: uvm_test_top.env_h.comp [Comparator Match] 
# MBE: input A =        455, input B =         47, output OUT =                21385
# MBE: input A = 00000000000000000000000111000111, input B = 00000000000000000000000000101111, output OUT = 0000000000000000000000000000000000000000000000000101001110001001
# refmod: input A =         455, input B =          47, output OUT =       21385
# refmod: input A = 00000000000000000000000111000111, input B = 00000000000000000000000000101111, output OUT = 00000000000000000101001110001001
# UVM_INFO @ 1725: uvm_test_top.env_h.comp [Comparator Match] 
# MBE: input A =        493, input B = 4294967244, output OUT =        2117418851292
# MBE: input A = 00000000000000000000000111101101, input B = 11111111111111111111111111001100, output OUT = 0000000000000000000000011110110011111111111111111001101111011100
# refmod: input A =         493, input B =         -52, output OUT =      -25636
# refmod: input A = 00000000000000000000000111101101, input B = 11111111111111111111111111001100, output OUT = 11111111111111111001101111011100
# UVM_INFO @ 1755: uvm_test_top.env_h.comp [Comparator Match] 
# MBE: input A =        752, input B = 4294967272, output OUT =        3229815388544
# MBE: input A = 00000000000000000000001011110000, input B = 11111111111111111111111111101000, output OUT = 0000000000000000000000101110111111111111111111111011100110000000
# refmod: input A =         752, input B =         -24, output OUT =      -18048
# refmod: input A = 00000000000000000000001011110000, input B = 11111111111111111111111111101000, output OUT = 11111111111111111011100110000000
# UVM_INFO @ 1785: uvm_test_top.env_h.comp [Comparator Match] 
# MBE: input A =        188, input B =        100, output OUT =                18800
# MBE: input A = 00000000000000000000000010111100, input B = 00000000000000000000000001100100, output OUT = 0000000000000000000000000000000000000000000000000100100101110000
# refmod: input A =         188, input B =         100, output OUT =       18800
# refmod: input A = 00000000000000000000000010111100, input B = 00000000000000000000000001100100, output OUT = 00000000000000000100100101110000
# UVM_INFO @ 1815: uvm_test_top.env_h.comp [Comparator Match] 
# MBE: input A =        600, input B =         61, output OUT =                36600
# MBE: input A = 00000000000000000000001001011000, input B = 00000000000000000000000000111101, output OUT = 0000000000000000000000000000000000000000000000001000111011111000
# refmod: input A =         600, input B =          61, output OUT =       36600
# refmod: input A = 00000000000000000000001001011000, input B = 00000000000000000000000000111101, output OUT = 00000000000000001000111011111000
# UVM_INFO @ 1845: uvm_test_top.env_h.comp [Comparator Match] 
# MBE: input A =        348, input B =         22, output OUT =                 7656
# MBE: input A = 00000000000000000000000101011100, input B = 00000000000000000000000000010110, output OUT = 0000000000000000000000000000000000000000000000000001110111101000
# refmod: input A =         348, input B =          22, output OUT =        7656
# refmod: input A = 00000000000000000000000101011100, input B = 00000000000000000000000000010110, output OUT = 00000000000000000001110111101000
# UVM_INFO @ 1875: uvm_test_top.env_h.comp [Comparator Match] 
# MBE: input A =        689, input B = 4294967267, output OUT =        2959232446963
# MBE: input A = 00000000000000000000001010110001, input B = 11111111111111111111111111100011, output OUT = 0000000000000000000000101011000011111111111111111011000111110011
# refmod: input A =         689, input B =         -29, output OUT =      -19981
# refmod: input A = 00000000000000000000001010110001, input B = 11111111111111111111111111100011, output OUT = 11111111111111111011000111110011
# UVM_INFO @ 1905: uvm_test_top.env_h.comp [Comparator Match] 
# MBE: input A =        465, input B =         73, output OUT =                33945
# MBE: input A = 00000000000000000000000111010001, input B = 00000000000000000000000001001001, output OUT = 0000000000000000000000000000000000000000000000001000010010011001
# refmod: input A =         465, input B =          73, output OUT =       33945
# refmod: input A = 00000000000000000000000111010001, input B = 00000000000000000000000001001001, output OUT = 00000000000000001000010010011001
# UVM_INFO @ 1935: uvm_test_top.env_h.comp [Comparator Match] 
# MBE: input A =        350, input B =         25, output OUT =                 8750
# MBE: input A = 00000000000000000000000101011110, input B = 00000000000000000000000000011001, output OUT = 0000000000000000000000000000000000000000000000000010001000101110
# refmod: input A =         350, input B =          25, output OUT =        8750
# refmod: input A = 00000000000000000000000101011110, input B = 00000000000000000000000000011001, output OUT = 00000000000000000010001000101110
# UVM_INFO @ 1965: uvm_test_top.env_h.comp [Comparator Match] 
# MBE: input A =        696, input B = 4294967263, output OUT =        2989297215048
# MBE: input A = 00000000000000000000001010111000, input B = 11111111111111111111111111011111, output OUT = 0000000000000000000000101011011111111111111111111010011001001000
# refmod: input A =         696, input B =         -33, output OUT =      -22968
# refmod: input A = 00000000000000000000001010111000, input B = 11111111111111111111111111011111, output OUT = 11111111111111111010011001001000
# UVM_INFO @ 1995: uvm_test_top.env_h.comp [Comparator Match] 
# MBE: input A =        661, input B = 4294967285, output OUT =        2838973375385
# MBE: input A = 00000000000000000000001010010101, input B = 11111111111111111111111111110101, output OUT = 0000000000000000000000101001010011111111111111111110001110011001
# refmod: input A =         661, input B =         -11, output OUT =       -7271
# refmod: input A = 00000000000000000000001010010101, input B = 11111111111111111111111111110101, output OUT = 11111111111111111110001110011001
# UVM_INFO @ 2025: uvm_test_top.env_h.comp [Comparator Match] 
# MBE: input A =        761, input B =          9, output OUT =                 6849
# MBE: input A = 00000000000000000000001011111001, input B = 00000000000000000000000000001001, output OUT = 0000000000000000000000000000000000000000000000000001101011000001
# refmod: input A =         761, input B =           9, output OUT =        6849
# refmod: input A = 00000000000000000000001011111001, input B = 00000000000000000000000000001001, output OUT = 00000000000000000001101011000001
# UVM_INFO @ 2055: uvm_test_top.env_h.comp [Comparator Match] 
# MBE: input A =        713, input B =         45, output OUT =                32085
# MBE: input A = 00000000000000000000001011001001, input B = 00000000000000000000000000101101, output OUT = 0000000000000000000000000000000000000000000000000111110101010101
# refmod: input A =         713, input B =          45, output OUT =       32085
# refmod: input A = 00000000000000000000001011001001, input B = 00000000000000000000000000101101, output OUT = 00000000000000000111110101010101
# UVM_INFO @ 2085: uvm_test_top.env_h.comp [Comparator Match] 
# MBE: input A =        625, input B =         30, output OUT =                18750
# MBE: input A = 00000000000000000000001001110001, input B = 00000000000000000000000000011110, output OUT = 0000000000000000000000000000000000000000000000000100100100111110
# refmod: input A =         625, input B =          30, output OUT =       18750
# refmod: input A = 00000000000000000000001001110001, input B = 00000000000000000000000000011110, output OUT = 00000000000000000100100100111110
# UVM_INFO @ 2115: uvm_test_top.env_h.comp [Comparator Match] 
# MBE: input A =        250, input B = 4294967232, output OUT =        1073741808000
# MBE: input A = 00000000000000000000000011111010, input B = 11111111111111111111111111000000, output OUT = 0000000000000000000000001111100111111111111111111100000110000000
# refmod: input A =         250, input B =         -64, output OUT =      -16000
# refmod: input A = 00000000000000000000000011111010, input B = 11111111111111111111111111000000, output OUT = 11111111111111111100000110000000
# UVM_INFO @ 2145: uvm_test_top.env_h.comp [Comparator Match] 
# MBE: input A =        987, input B = 4294967256, output OUT =        4239132681672
# MBE: input A = 00000000000000000000001111011011, input B = 11111111111111111111111111011000, output OUT = 0000000000000000000000111101101011111111111111110110010111001000
# refmod: input A =         987, input B =         -40, output OUT =      -39480
# refmod: input A = 00000000000000000000001111011011, input B = 11111111111111111111111111011000, output OUT = 11111111111111110110010111001000
# UVM_INFO @ 2175: uvm_test_top.env_h.comp [Comparator Match] 
# MBE: input A =        853, input B =         85, output OUT =                72505
# MBE: input A = 00000000000000000000001101010101, input B = 00000000000000000000000001010101, output OUT = 0000000000000000000000000000000000000000000000010001101100111001
# refmod: input A =         853, input B =          85, output OUT =       72505
# refmod: input A = 00000000000000000000001101010101, input B = 00000000000000000000000001010101, output OUT = 00000000000000010001101100111001
# UVM_INFO @ 2205: uvm_test_top.env_h.comp [Comparator Match] 
# MBE: input A =        118, input B = 4294967243, output OUT =         506806134674
# MBE: input A = 00000000000000000000000001110110, input B = 11111111111111111111111111001011, output OUT = 0000000000000000000000000111010111111111111111111110011110010010
# refmod: input A =         118, input B =         -53, output OUT =       -6254
# refmod: input A = 00000000000000000000000001110110, input B = 11111111111111111111111111001011, output OUT = 11111111111111111110011110010010
# UVM_INFO @ 2235: uvm_test_top.env_h.comp [Comparator Match] 
# MBE: input A =        371, input B =         49, output OUT =                18179
# MBE: input A = 00000000000000000000000101110011, input B = 00000000000000000000000000110001, output OUT = 0000000000000000000000000000000000000000000000000100011100000011
# refmod: input A =         371, input B =          49, output OUT =       18179
# refmod: input A = 00000000000000000000000101110011, input B = 00000000000000000000000000110001, output OUT = 00000000000000000100011100000011
# UVM_INFO @ 2265: uvm_test_top.env_h.comp [Comparator Match] 
# MBE: input A =        279, input B = 4294967288, output OUT =        1198295873352
# MBE: input A = 00000000000000000000000100010111, input B = 11111111111111111111111111111000, output OUT = 0000000000000000000000010001011011111111111111111111011101001000
# refmod: input A =         279, input B =          -8, output OUT =       -2232
# refmod: input A = 00000000000000000000000100010111, input B = 11111111111111111111111111111000, output OUT = 11111111111111111111011101001000
# UVM_INFO @ 2295: uvm_test_top.env_h.comp [Comparator Match] 
# MBE: input A =        542, input B = 4294967236, output OUT =        2327872241912
# MBE: input A = 00000000000000000000001000011110, input B = 11111111111111111111111111000100, output OUT = 0000000000000000000000100001110111111111111111111000000011111000
# refmod: input A =         542, input B =         -60, output OUT =      -32520
# refmod: input A = 00000000000000000000001000011110, input B = 11111111111111111111111111000100, output OUT = 11111111111111111000000011111000
# UVM_INFO @ 2325: uvm_test_top.env_h.comp [Comparator Match] 
# MBE: input A =        730, input B =         81, output OUT =                59130
# MBE: input A = 00000000000000000000001011011010, input B = 00000000000000000000000001010001, output OUT = 0000000000000000000000000000000000000000000000001110011011111010
# refmod: input A =         730, input B =          81, output OUT =       59130
# refmod: input A = 00000000000000000000001011011010, input B = 00000000000000000000000001010001, output OUT = 00000000000000001110011011111010
# UVM_INFO @ 2355: uvm_test_top.env_h.comp [Comparator Match] 
# MBE: input A =        930, input B = 4294967212, output OUT =        3994319507160
# MBE: input A = 00000000000000000000001110100010, input B = 11111111111111111111111110101100, output OUT = 0000000000000000000000111010000111111111111111101100111011011000
# refmod: input A =         930, input B =         -84, output OUT =      -78120
# refmod: input A = 00000000000000000000001110100010, input B = 11111111111111111111111110101100, output OUT = 11111111111111101100111011011000
# UVM_INFO @ 2385: uvm_test_top.env_h.comp [Comparator Match] 
# MBE: input A =        822, input B =         98, output OUT =                80556
# MBE: input A = 00000000000000000000001100110110, input B = 00000000000000000000000001100010, output OUT = 0000000000000000000000000000000000000000000000010011101010101100
# refmod: input A =         822, input B =          98, output OUT =       80556
# refmod: input A = 00000000000000000000001100110110, input B = 00000000000000000000000001100010, output OUT = 00000000000000010011101010101100
# UVM_INFO @ 2415: uvm_test_top.env_h.comp [Comparator Match] 
# MBE: input A =        187, input B =          8, output OUT =                 1496
# MBE: input A = 00000000000000000000000010111011, input B = 00000000000000000000000000001000, output OUT = 0000000000000000000000000000000000000000000000000000010111011000
# refmod: input A =         187, input B =           8, output OUT =        1496
# refmod: input A = 00000000000000000000000010111011, input B = 00000000000000000000000000001000, output OUT = 00000000000000000000010111011000
# UVM_INFO @ 2445: uvm_test_top.env_h.comp [Comparator Match] 
# MBE: input A =        614, input B = 4294967227, output OUT =        2637109877378
# MBE: input A = 00000000000000000000001001100110, input B = 11111111111111111111111110111011, output OUT = 0000000000000000000000100110010111111111111111110101101010000010
# refmod: input A =         614, input B =         -69, output OUT =      -42366
# refmod: input A = 00000000000000000000001001100110, input B = 11111111111111111111111110111011, output OUT = 11111111111111110101101010000010
# UVM_INFO @ 2475: uvm_test_top.env_h.comp [Comparator Match] 
# MBE: input A =        704, input B = 4294967217, output OUT =        3023656920768
# MBE: input A = 00000000000000000000001011000000, input B = 11111111111111111111111110110001, output OUT = 0000000000000000000000101011111111111111111111110010011011000000
# refmod: input A =         704, input B =         -79, output OUT =      -55616
# refmod: input A = 00000000000000000000001011000000, input B = 11111111111111111111111110110001, output OUT = 11111111111111110010011011000000
# UVM_INFO @ 2505: uvm_test_top.env_h.comp [Comparator Match] 
# MBE: input A =        378, input B =          2, output OUT =                  756
# MBE: input A = 00000000000000000000000101111010, input B = 00000000000000000000000000000010, output OUT = 0000000000000000000000000000000000000000000000000000001011110100
# refmod: input A =         378, input B =           2, output OUT =         756
# refmod: input A = 00000000000000000000000101111010, input B = 00000000000000000000000000000010, output OUT = 00000000000000000000001011110100
# UVM_INFO @ 2535: uvm_test_top.env_h.comp [Comparator Match] 
# MBE: input A =        313, input B = 4294967279, output OUT =        1344324758327
# MBE: input A = 00000000000000000000000100111001, input B = 11111111111111111111111111101111, output OUT = 0000000000000000000000010011100011111111111111111110101100110111
# refmod: input A =         313, input B =         -17, output OUT =       -5321
# refmod: input A = 00000000000000000000000100111001, input B = 11111111111111111111111111101111, output OUT = 11111111111111111110101100110111
# UVM_INFO @ 2565: uvm_test_top.env_h.comp [Comparator Match] 
# MBE: input A =        883, input B = 4294967206, output OUT =        3792456042898
# MBE: input A = 00000000000000000000001101110011, input B = 11111111111111111111111110100110, output OUT = 0000000000000000000000110111001011111111111111101100100110010010
# refmod: input A =         883, input B =         -90, output OUT =      -79470
# refmod: input A = 00000000000000000000001101110011, input B = 11111111111111111111111110100110, output OUT = 11111111111111101100100110010010
# UVM_INFO @ 2595: uvm_test_top.env_h.comp [Comparator Match] 
# MBE: input A =        597, input B = 4294967216, output OUT =        2564095427952
# MBE: input A = 00000000000000000000001001010101, input B = 11111111111111111111111110110000, output OUT = 0000000000000000000000100101010011111111111111110100010101110000
# refmod: input A =         597, input B =         -80, output OUT =      -47760
# refmod: input A = 00000000000000000000001001010101, input B = 11111111111111111111111110110000, output OUT = 11111111111111110100010101110000
# UVM_INFO @ 2625: uvm_test_top.env_h.comp [Comparator Match] 
# MBE: input A =        655, input B =         85, output OUT =                55675
# MBE: input A = 00000000000000000000001010001111, input B = 00000000000000000000000001010101, output OUT = 0000000000000000000000000000000000000000000000001101100101111011
# refmod: input A =         655, input B =          85, output OUT =       55675
# refmod: input A = 00000000000000000000001010001111, input B = 00000000000000000000000001010101, output OUT = 00000000000000001101100101111011
# UVM_INFO @ 2655: uvm_test_top.env_h.comp [Comparator Match] 
# MBE: input A =        638, input B = 4294967263, output OUT =        2740189113794
# MBE: input A = 00000000000000000000001001111110, input B = 11111111111111111111111111011111, output OUT = 0000000000000000000000100111110111111111111111111010110111000010
# refmod: input A =         638, input B =         -33, output OUT =      -21054
# refmod: input A = 00000000000000000000001001111110, input B = 11111111111111111111111111011111, output OUT = 11111111111111111010110111000010
# UVM_INFO @ 2685: uvm_test_top.env_h.comp [Comparator Match] 
# MBE: input A =        863, input B = 4294967249, output OUT =        3706556735887
# MBE: input A = 00000000000000000000001101011111, input B = 11111111111111111111111111010001, output OUT = 0000000000000000000000110101111011111111111111110110000110001111
# refmod: input A =         863, input B =         -47, output OUT =      -40561
# refmod: input A = 00000000000000000000001101011111, input B = 11111111111111111111111111010001, output OUT = 11111111111111110110000110001111
# UVM_INFO @ 2715: uvm_test_top.env_h.comp [Comparator Match] 
# MBE: input A =        944, input B = 4294967200, output OUT =        4054449036800
# MBE: input A = 00000000000000000000001110110000, input B = 11111111111111111111111110100000, output OUT = 0000000000000000000000111010111111111111111111101001111000000000
# refmod: input A =         944, input B =         -96, output OUT =      -90624
# refmod: input A = 00000000000000000000001110110000, input B = 11111111111111111111111110100000, output OUT = 11111111111111101001111000000000
# UVM_INFO @ 2745: uvm_test_top.env_h.comp [Comparator Match] 
# MBE: input A =        908, input B = 4294967217, output OUT =        3899830233036
# MBE: input A = 00000000000000000000001110001100, input B = 11111111111111111111111110110001, output OUT = 0000000000000000000000111000101111111111111111101110011111001100
# refmod: input A =         908, input B =         -79, output OUT =      -71732
# refmod: input A = 00000000000000000000001110001100, input B = 11111111111111111111111110110001, output OUT = 11111111111111101110011111001100
# UVM_INFO @ 2775: uvm_test_top.env_h.comp [Comparator Match] 
# MBE: input A =        284, input B =          4, output OUT =                 1136
# MBE: input A = 00000000000000000000000100011100, input B = 00000000000000000000000000000100, output OUT = 0000000000000000000000000000000000000000000000000000010001110000
# refmod: input A =         284, input B =           4, output OUT =        1136
# refmod: input A = 00000000000000000000000100011100, input B = 00000000000000000000000000000100, output OUT = 00000000000000000000010001110000
# UVM_INFO @ 2805: uvm_test_top.env_h.comp [Comparator Match] 
# MBE: input A =        950, input B =         79, output OUT =                75050
# MBE: input A = 00000000000000000000001110110110, input B = 00000000000000000000000001001111, output OUT = 0000000000000000000000000000000000000000000000010010010100101010
# refmod: input A =         950, input B =          79, output OUT =       75050
# refmod: input A = 00000000000000000000001110110110, input B = 00000000000000000000000001001111, output OUT = 00000000000000010010010100101010
# UVM_INFO @ 2835: uvm_test_top.env_h.comp [Comparator Match] 
# MBE: input A =        999, input B = 4294967278, output OUT =        4290672310722
# MBE: input A = 00000000000000000000001111100111, input B = 11111111111111111111111111101110, output OUT = 0000000000000000000000111110011011111111111111111011100111000010
# refmod: input A =         999, input B =         -18, output OUT =      -17982
# refmod: input A = 00000000000000000000001111100111, input B = 11111111111111111111111111101110, output OUT = 11111111111111111011100111000010
# UVM_INFO @ 2865: uvm_test_top.env_h.comp [Comparator Match] 
# MBE: input A =        233, input B =         18, output OUT =                 4194
# MBE: input A = 00000000000000000000000011101001, input B = 00000000000000000000000000010010, output OUT = 0000000000000000000000000000000000000000000000000001000001100010
# refmod: input A =         233, input B =          18, output OUT =        4194
# refmod: input A = 00000000000000000000000011101001, input B = 00000000000000000000000000010010, output OUT = 00000000000000000001000001100010
# UVM_INFO @ 2895: uvm_test_top.env_h.comp [Comparator Match] 
# MBE: input A =        627, input B = 4294967204, output OUT =        2692944436908
# MBE: input A = 00000000000000000000001001110011, input B = 11111111111111111111111110100100, output OUT = 0000000000000000000000100111001011111111111111110001111010101100
# refmod: input A =         627, input B =         -92, output OUT =      -57684
# refmod: input A = 00000000000000000000001001110011, input B = 11111111111111111111111110100100, output OUT = 11111111111111110001111010101100
# UVM_INFO @ 2925: uvm_test_top.env_h.comp [Comparator Match] 
# MBE: input A =        290, input B = 4294967267, output OUT =        1245540507430
# MBE: input A = 00000000000000000000000100100010, input B = 11111111111111111111111111100011, output OUT = 0000000000000000000000010010000111111111111111111101111100100110
# refmod: input A =         290, input B =         -29, output OUT =       -8410
# refmod: input A = 00000000000000000000000100100010, input B = 11111111111111111111111111100011, output OUT = 11111111111111111101111100100110
# UVM_INFO @ 2955: uvm_test_top.env_h.comp [Comparator Match] 
# MBE: input A =        506, input B =          7, output OUT =                 3542
# MBE: input A = 00000000000000000000000111111010, input B = 00000000000000000000000000000111, output OUT = 0000000000000000000000000000000000000000000000000000110111010110
# refmod: input A =         506, input B =           7, output OUT =        3542
# refmod: input A = 00000000000000000000000111111010, input B = 00000000000000000000000000000111, output OUT = 00000000000000000000110111010110
# UVM_INFO @ 2985: uvm_test_top.env_h.comp [Comparator Match] 
# MBE: input A =        221, input B = 4294967258, output OUT =         949187764018
# MBE: input A = 00000000000000000000000011011101, input B = 11111111111111111111111111011010, output OUT = 0000000000000000000000001101110011111111111111111101111100110010
# refmod: input A =         221, input B =         -38, output OUT =       -8398
# refmod: input A = 00000000000000000000000011011101, input B = 11111111111111111111111111011010, output OUT = 11111111111111111101111100110010
# UVM_INFO @ 3015: uvm_test_top.env_h.comp [Comparator Match] 
# MBE: input A =        780, input B = 4294967262, output OUT =        3350074464360
# MBE: input A = 00000000000000000000001100001100, input B = 11111111111111111111111111011110, output OUT = 0000000000000000000000110000101111111111111111111001100001101000
# refmod: input A =         780, input B =         -34, output OUT =      -26520
# refmod: input A = 00000000000000000000001100001100, input B = 11111111111111111111111111011110, output OUT = 11111111111111111001100001101000
# UVM_INFO @ 3045: uvm_test_top.env_h.comp [Comparator Match] 
# UVM_INFO verilog_src/uvm-1.1d/src/base/uvm_objection.svh(1267) @ 3045: reporter [TEST_DONE] 'run' phase is ready to proceed to the 'extract' phase
# UVM_INFO ../tb/env.sv(42) @ 3045: uvm_test_top.env_h [env] Reporting matched 101
# 
# --- UVM Report Summary ---
# 
# ** Report counts by severity
# UVM_INFO :  106
# UVM_WARNING :    0
# UVM_ERROR :    0
# UVM_FATAL :    0
# ** Report counts by id
# [Comparator Match]   101
# [Questa UVM]     2
# [RNTST]     1
# [TEST_DONE]     1
# [env]     1
# ** Note: $finish    : /software/mentor/questa10.7c/questasim/linux_x86_64/../verilog_src/uvm-1.1d/src/base/uvm_root.svh(430)
#    Time: 3045 ns  Iteration: 58  Instance: /top
# Break in Task uvm_pkg/uvm_root::run_test at /software/mentor/questa10.7c/questasim/linux_x86_64/../verilog_src/uvm-1.1d/src/base/uvm_root.svh line 430



